<?xml version="1.0" encoding="UTF-8"?>
<testsuite xmlns:xsi="http://www.w3.org/2001/XMLSchema-instance" xsi:noNamespaceSchemaLocation="https://maven.apache.org/surefire/maven-surefire-plugin/xsd/surefire-test-report-3.0.xsd" version="3.0" name="com.bymatech.calculateregulationdisarrangement.CalculateRegulationBiasApplicationTests" time="3.965" tests="1" errors="0" skipped="0" failures="0">
  <properties>
    <property name="java.specification.version" value="20"/>
    <property name="sun.jnu.encoding" value="UTF-8"/>
    <property name="java.class.path" value="/Users/damianblanc/workspace/byma/calculate-regulation-disarrangement-no-security/target/test-classes:/Users/damianblanc/workspace/byma/calculate-regulation-disarrangement-no-security/target/classes:/Users/damianblanc/.m2/repository/org/springframework/boot/spring-boot-starter-data-jpa/3.1.4/spring-boot-starter-data-jpa-3.1.4.jar:/Users/damianblanc/.m2/repository/org/springframework/boot/spring-boot-starter-aop/3.1.4/spring-boot-starter-aop-3.1.4.jar:/Users/damianblanc/.m2/repository/org/springframework/spring-aop/6.0.12/spring-aop-6.0.12.jar:/Users/damianblanc/.m2/repository/org/aspectj/aspectjweaver/1.9.20/aspectjweaver-1.9.20.jar:/Users/damianblanc/.m2/repository/org/springframework/boot/spring-boot-starter-jdbc/3.1.4/spring-boot-starter-jdbc-3.1.4.jar:/Users/damianblanc/.m2/repository/com/zaxxer/HikariCP/5.0.1/HikariCP-5.0.1.jar:/Users/damianblanc/.m2/repository/org/springframework/spring-jdbc/6.0.12/spring-jdbc-6.0.12.jar:/Users/damianblanc/.m2/repository/org/hibernate/orm/hibernate-core/6.2.9.Final/hibernate-core-6.2.9.Final.jar:/Users/damianblanc/.m2/repository/jakarta/persistence/jakarta.persistence-api/3.1.0/jakarta.persistence-api-3.1.0.jar:/Users/damianblanc/.m2/repository/jakarta/transaction/jakarta.transaction-api/2.0.1/jakarta.transaction-api-2.0.1.jar:/Users/damianblanc/.m2/repository/org/jboss/logging/jboss-logging/3.5.3.Final/jboss-logging-3.5.3.Final.jar:/Users/damianblanc/.m2/repository/org/hibernate/common/hibernate-commons-annotations/6.0.6.Final/hibernate-commons-annotations-6.0.6.Final.jar:/Users/damianblanc/.m2/repository/io/smallrye/jandex/3.0.5/jandex-3.0.5.jar:/Users/damianblanc/.m2/repository/com/fasterxml/classmate/1.5.1/classmate-1.5.1.jar:/Users/damianblanc/.m2/repository/net/bytebuddy/byte-buddy/1.14.8/byte-buddy-1.14.8.jar:/Users/damianblanc/.m2/repository/org/glassfish/jaxb/jaxb-runtime/4.0.3/jaxb-runtime-4.0.3.jar:/Users/damianblanc/.m2/repository/org/glassfish/jaxb/jaxb-core/4.0.3/jaxb-core-4.0.3.jar:/Users/damianblanc/.m2/repository/org/eclipse/angus/angus-activation/2.0.1/angus-activation-2.0.1.jar:/Users/damianblanc/.m2/repository/org/glassfish/jaxb/txw2/4.0.3/txw2-4.0.3.jar:/Users/damianblanc/.m2/repository/com/sun/istack/istack-commons-runtime/4.1.2/istack-commons-runtime-4.1.2.jar:/Users/damianblanc/.m2/repository/jakarta/inject/jakarta.inject-api/2.0.1/jakarta.inject-api-2.0.1.jar:/Users/damianblanc/.m2/repository/org/antlr/antlr4-runtime/4.10.1/antlr4-runtime-4.10.1.jar:/Users/damianblanc/.m2/repository/org/springframework/data/spring-data-jpa/3.1.4/spring-data-jpa-3.1.4.jar:/Users/damianblanc/.m2/repository/org/springframework/data/spring-data-commons/3.1.4/spring-data-commons-3.1.4.jar:/Users/damianblanc/.m2/repository/org/springframework/spring-orm/6.0.12/spring-orm-6.0.12.jar:/Users/damianblanc/.m2/repository/org/springframework/spring-context/6.0.12/spring-context-6.0.12.jar:/Users/damianblanc/.m2/repository/org/springframework/spring-tx/6.0.12/spring-tx-6.0.12.jar:/Users/damianblanc/.m2/repository/org/springframework/spring-beans/6.0.12/spring-beans-6.0.12.jar:/Users/damianblanc/.m2/repository/jakarta/annotation/jakarta.annotation-api/2.1.1/jakarta.annotation-api-2.1.1.jar:/Users/damianblanc/.m2/repository/org/slf4j/slf4j-api/2.0.9/slf4j-api-2.0.9.jar:/Users/damianblanc/.m2/repository/org/springframework/spring-aspects/6.0.12/spring-aspects-6.0.12.jar:/Users/damianblanc/.m2/repository/com/h2database/h2/2.1.214/h2-2.1.214.jar:/Users/damianblanc/.m2/repository/org/springframework/boot/spring-boot-starter-web/3.1.4/spring-boot-starter-web-3.1.4.jar:/Users/damianblanc/.m2/repository/org/springframework/boot/spring-boot-starter/3.1.4/spring-boot-starter-3.1.4.jar:/Users/damianblanc/.m2/repository/org/springframework/boot/spring-boot-starter-logging/3.1.4/spring-boot-starter-logging-3.1.4.jar:/Users/damianblanc/.m2/repository/ch/qos/logback/logback-classic/1.4.11/logback-classic-1.4.11.jar:/Users/damianblanc/.m2/repository/ch/qos/logback/logback-core/1.4.11/logback-core-1.4.11.jar:/Users/damianblanc/.m2/repository/org/apache/logging/log4j/log4j-to-slf4j/2.20.0/log4j-to-slf4j-2.20.0.jar:/Users/damianblanc/.m2/repository/org/apache/logging/log4j/log4j-api/2.20.0/log4j-api-2.20.0.jar:/Users/damianblanc/.m2/repository/org/slf4j/jul-to-slf4j/2.0.9/jul-to-slf4j-2.0.9.jar:/Users/damianblanc/.m2/repository/org/yaml/snakeyaml/1.33/snakeyaml-1.33.jar:/Users/damianblanc/.m2/repository/org/springframework/boot/spring-boot-starter-json/3.1.4/spring-boot-starter-json-3.1.4.jar:/Users/damianblanc/.m2/repository/com/fasterxml/jackson/datatype/jackson-datatype-jdk8/2.15.2/jackson-datatype-jdk8-2.15.2.jar:/Users/damianblanc/.m2/repository/com/fasterxml/jackson/datatype/jackson-datatype-jsr310/2.15.2/jackson-datatype-jsr310-2.15.2.jar:/Users/damianblanc/.m2/repository/com/fasterxml/jackson/module/jackson-module-parameter-names/2.15.2/jackson-module-parameter-names-2.15.2.jar:/Users/damianblanc/.m2/repository/org/springframework/boot/spring-boot-starter-tomcat/3.1.4/spring-boot-starter-tomcat-3.1.4.jar:/Users/damianblanc/.m2/repository/org/apache/tomcat/embed/tomcat-embed-core/10.1.13/tomcat-embed-core-10.1.13.jar:/Users/damianblanc/.m2/repository/org/apache/tomcat/embed/tomcat-embed-el/10.1.13/tomcat-embed-el-10.1.13.jar:/Users/damianblanc/.m2/repository/org/apache/tomcat/embed/tomcat-embed-websocket/10.1.13/tomcat-embed-websocket-10.1.13.jar:/Users/damianblanc/.m2/repository/org/springframework/spring-web/6.0.12/spring-web-6.0.12.jar:/Users/damianblanc/.m2/repository/org/springframework/spring-webmvc/6.0.12/spring-webmvc-6.0.12.jar:/Users/damianblanc/.m2/repository/org/springframework/spring-expression/6.0.12/spring-expression-6.0.12.jar:/Users/damianblanc/.m2/repository/org/springframework/boot/spring-boot-devtools/3.1.4/spring-boot-devtools-3.1.4.jar:/Users/damianblanc/.m2/repository/org/springframework/boot/spring-boot/3.1.4/spring-boot-3.1.4.jar:/Users/damianblanc/.m2/repository/org/springframework/boot/spring-boot-autoconfigure/3.1.4/spring-boot-autoconfigure-3.1.4.jar:/Users/damianblanc/.m2/repository/org/projectlombok/lombok/1.18.30/lombok-1.18.30.jar:/Users/damianblanc/.m2/repository/org/springframework/boot/spring-boot-starter-test/3.1.4/spring-boot-starter-test-3.1.4.jar:/Users/damianblanc/.m2/repository/org/springframework/boot/spring-boot-test/3.1.4/spring-boot-test-3.1.4.jar:/Users/damianblanc/.m2/repository/org/springframework/boot/spring-boot-test-autoconfigure/3.1.4/spring-boot-test-autoconfigure-3.1.4.jar:/Users/damianblanc/.m2/repository/com/jayway/jsonpath/json-path/2.8.0/json-path-2.8.0.jar:/Users/damianblanc/.m2/repository/jakarta/xml/bind/jakarta.xml.bind-api/4.0.1/jakarta.xml.bind-api-4.0.1.jar:/Users/damianblanc/.m2/repository/jakarta/activation/jakarta.activation-api/2.1.2/jakarta.activation-api-2.1.2.jar:/Users/damianblanc/.m2/repository/net/minidev/json-smart/2.4.11/json-smart-2.4.11.jar:/Users/damianblanc/.m2/repository/net/minidev/accessors-smart/2.4.11/accessors-smart-2.4.11.jar:/Users/damianblanc/.m2/repository/org/ow2/asm/asm/9.3/asm-9.3.jar:/Users/damianblanc/.m2/repository/org/assertj/assertj-core/3.24.2/assertj-core-3.24.2.jar:/Users/damianblanc/.m2/repository/org/hamcrest/hamcrest/2.2/hamcrest-2.2.jar:/Users/damianblanc/.m2/repository/org/junit/jupiter/junit-jupiter/5.9.3/junit-jupiter-5.9.3.jar:/Users/damianblanc/.m2/repository/org/junit/jupiter/junit-jupiter-api/5.9.3/junit-jupiter-api-5.9.3.jar:/Users/damianblanc/.m2/repository/org/junit/jupiter/junit-jupiter-params/5.9.3/junit-jupiter-params-5.9.3.jar:/Users/damianblanc/.m2/repository/org/junit/jupiter/junit-jupiter-engine/5.9.3/junit-jupiter-engine-5.9.3.jar:/Users/damianblanc/.m2/repository/org/mockito/mockito-core/5.3.1/mockito-core-5.3.1.jar:/Users/damianblanc/.m2/repository/net/bytebuddy/byte-buddy-agent/1.14.8/byte-buddy-agent-1.14.8.jar:/Users/damianblanc/.m2/repository/org/objenesis/objenesis/3.3/objenesis-3.3.jar:/Users/damianblanc/.m2/repository/org/mockito/mockito-junit-jupiter/5.3.1/mockito-junit-jupiter-5.3.1.jar:/Users/damianblanc/.m2/repository/org/skyscreamer/jsonassert/1.5.1/jsonassert-1.5.1.jar:/Users/damianblanc/.m2/repository/com/vaadin/external/google/android-json/0.0.20131108.vaadin1/android-json-0.0.20131108.vaadin1.jar:/Users/damianblanc/.m2/repository/org/springframework/spring-core/6.0.12/spring-core-6.0.12.jar:/Users/damianblanc/.m2/repository/org/springframework/spring-jcl/6.0.12/spring-jcl-6.0.12.jar:/Users/damianblanc/.m2/repository/org/springframework/spring-test/6.0.12/spring-test-6.0.12.jar:/Users/damianblanc/.m2/repository/org/xmlunit/xmlunit-core/2.9.1/xmlunit-core-2.9.1.jar:/Users/damianblanc/.m2/repository/org/junit/vintage/junit-vintage-engine/5.10.0/junit-vintage-engine-5.10.0.jar:/Users/damianblanc/.m2/repository/org/junit/platform/junit-platform-engine/1.9.3/junit-platform-engine-1.9.3.jar:/Users/damianblanc/.m2/repository/org/opentest4j/opentest4j/1.2.0/opentest4j-1.2.0.jar:/Users/damianblanc/.m2/repository/org/junit/platform/junit-platform-commons/1.9.3/junit-platform-commons-1.9.3.jar:/Users/damianblanc/.m2/repository/org/apiguardian/apiguardian-api/1.1.2/apiguardian-api-1.1.2.jar:/Users/damianblanc/.m2/repository/junit/junit/4.13.2/junit-4.13.2.jar:/Users/damianblanc/.m2/repository/org/hamcrest/hamcrest-core/2.2/hamcrest-core-2.2.jar:/Users/damianblanc/.m2/repository/com/diffplug/guava/guava-core/19.0.0/guava-core-19.0.0.jar:/Users/damianblanc/.m2/repository/org/codehaus/mojo/animal-sniffer-annotations/1.14/animal-sniffer-annotations-1.14.jar:/Users/damianblanc/.m2/repository/com/google/j2objc/j2objc-annotations/0.1/j2objc-annotations-0.1.jar:/Users/damianblanc/.m2/repository/com/diffplug/guava/guava-collect/19.0.0/guava-collect-19.0.0.jar:/Users/damianblanc/.m2/repository/com/squareup/retrofit2/retrofit/2.7.2/retrofit-2.7.2.jar:/Users/damianblanc/.m2/repository/com/squareup/okhttp3/okhttp/4.10.0/okhttp-4.10.0.jar:/Users/damianblanc/.m2/repository/com/squareup/okio/okio-jvm/3.0.0/okio-jvm-3.0.0.jar:/Users/damianblanc/.m2/repository/org/jetbrains/kotlin/kotlin-stdlib-jdk8/1.8.22/kotlin-stdlib-jdk8-1.8.22.jar:/Users/damianblanc/.m2/repository/org/jetbrains/kotlin/kotlin-stdlib-jdk7/1.8.22/kotlin-stdlib-jdk7-1.8.22.jar:/Users/damianblanc/.m2/repository/org/jetbrains/kotlin/kotlin-stdlib-common/1.8.22/kotlin-stdlib-common-1.8.22.jar:/Users/damianblanc/.m2/repository/org/jetbrains/kotlin/kotlin-stdlib/1.8.22/kotlin-stdlib-1.8.22.jar:/Users/damianblanc/.m2/repository/org/jetbrains/annotations/13.0/annotations-13.0.jar:/Users/damianblanc/.m2/repository/com/squareup/retrofit2/converter-gson/2.7.2/converter-gson-2.7.2.jar:/Users/damianblanc/.m2/repository/com/google/code/gson/gson/2.10.1/gson-2.10.1.jar:/Users/damianblanc/.m2/repository/org/springdoc/springdoc-openapi-starter-webmvc-ui/2.1.0/springdoc-openapi-starter-webmvc-ui-2.1.0.jar:/Users/damianblanc/.m2/repository/org/springdoc/springdoc-openapi-starter-webmvc-api/2.1.0/springdoc-openapi-starter-webmvc-api-2.1.0.jar:/Users/damianblanc/.m2/repository/org/springdoc/springdoc-openapi-starter-common/2.1.0/springdoc-openapi-starter-common-2.1.0.jar:/Users/damianblanc/.m2/repository/io/swagger/core/v3/swagger-core-jakarta/2.2.9/swagger-core-jakarta-2.2.9.jar:/Users/damianblanc/.m2/repository/org/apache/commons/commons-lang3/3.12.0/commons-lang3-3.12.0.jar:/Users/damianblanc/.m2/repository/io/swagger/core/v3/swagger-annotations-jakarta/2.2.9/swagger-annotations-jakarta-2.2.9.jar:/Users/damianblanc/.m2/repository/io/swagger/core/v3/swagger-models-jakarta/2.2.9/swagger-models-jakarta-2.2.9.jar:/Users/damianblanc/.m2/repository/jakarta/validation/jakarta.validation-api/3.0.2/jakarta.validation-api-3.0.2.jar:/Users/damianblanc/.m2/repository/com/fasterxml/jackson/dataformat/jackson-dataformat-yaml/2.15.2/jackson-dataformat-yaml-2.15.2.jar:/Users/damianblanc/.m2/repository/org/webjars/swagger-ui/4.18.2/swagger-ui-4.18.2.jar:/Users/damianblanc/.m2/repository/com/mysql/mysql-connector-j/8.0.33/mysql-connector-j-8.0.33.jar:/Users/damianblanc/.m2/repository/org/springframework/boot/spring-boot-starter-actuator/3.1.4/spring-boot-starter-actuator-3.1.4.jar:/Users/damianblanc/.m2/repository/org/springframework/boot/spring-boot-actuator-autoconfigure/3.1.4/spring-boot-actuator-autoconfigure-3.1.4.jar:/Users/damianblanc/.m2/repository/org/springframework/boot/spring-boot-actuator/3.1.4/spring-boot-actuator-3.1.4.jar:/Users/damianblanc/.m2/repository/io/micrometer/micrometer-observation/1.11.4/micrometer-observation-1.11.4.jar:/Users/damianblanc/.m2/repository/io/micrometer/micrometer-commons/1.11.4/micrometer-commons-1.11.4.jar:/Users/damianblanc/.m2/repository/io/micrometer/micrometer-core/1.11.4/micrometer-core-1.11.4.jar:/Users/damianblanc/.m2/repository/org/hdrhistogram/HdrHistogram/2.1.12/HdrHistogram-2.1.12.jar:/Users/damianblanc/.m2/repository/org/latencyutils/LatencyUtils/2.0.3/LatencyUtils-2.0.3.jar:/Users/damianblanc/.m2/repository/org/springframework/cloud/spring-cloud-starter/4.0.4/spring-cloud-starter-4.0.4.jar:/Users/damianblanc/.m2/repository/org/springframework/cloud/spring-cloud-context/4.0.4/spring-cloud-context-4.0.4.jar:/Users/damianblanc/.m2/repository/org/springframework/security/spring-security-crypto/6.1.4/spring-security-crypto-6.1.4.jar:/Users/damianblanc/.m2/repository/org/springframework/cloud/spring-cloud-commons/4.0.4/spring-cloud-commons-4.0.4.jar:/Users/damianblanc/.m2/repository/org/springframework/security/spring-security-rsa/1.0.12.RELEASE/spring-security-rsa-1.0.12.RELEASE.jar:/Users/damianblanc/.m2/repository/org/bouncycastle/bcpkix-jdk18on/1.73/bcpkix-jdk18on-1.73.jar:/Users/damianblanc/.m2/repository/org/bouncycastle/bcprov-jdk18on/1.73/bcprov-jdk18on-1.73.jar:/Users/damianblanc/.m2/repository/org/bouncycastle/bcutil-jdk18on/1.73/bcutil-jdk18on-1.73.jar:/Users/damianblanc/.m2/repository/org/springframework/cloud/spring-cloud-starter-bootstrap/4.0.2/spring-cloud-starter-bootstrap-4.0.2.jar:/Users/damianblanc/.m2/repository/org/springframework/cloud/spring-cloud-starter-config/4.0.2/spring-cloud-starter-config-4.0.2.jar:/Users/damianblanc/.m2/repository/org/springframework/cloud/spring-cloud-config-client/4.0.4/spring-cloud-config-client-4.0.4.jar:/Users/damianblanc/.m2/repository/com/fasterxml/jackson/core/jackson-annotations/2.15.2/jackson-annotations-2.15.2.jar:/Users/damianblanc/.m2/repository/org/apache/httpcomponents/client5/httpclient5/5.2.1/httpclient5-5.2.1.jar:/Users/damianblanc/.m2/repository/org/apache/httpcomponents/core5/httpcore5/5.2.2/httpcore5-5.2.2.jar:/Users/damianblanc/.m2/repository/org/apache/httpcomponents/core5/httpcore5-h2/5.2.2/httpcore5-h2-5.2.2.jar:/Users/damianblanc/.m2/repository/com/fasterxml/jackson/core/jackson-databind/2.15.2/jackson-databind-2.15.2.jar:/Users/damianblanc/.m2/repository/com/fasterxml/jackson/core/jackson-core/2.15.2/jackson-core-2.15.2.jar:/Users/damianblanc/.m2/repository/org/apache/tomcat/servlet-api/6.0.51/servlet-api-6.0.51.jar:"/>
    <property name="java.vm.vendor" value="Homebrew"/>
    <property name="sun.arch.data.model" value="64"/>
    <property name="java.vendor.url" value="https://github.com/Homebrew/homebrew-core/issues"/>
    <property name="user.timezone" value="America/Argentina/Buenos_Aires"/>
    <property name="org.jboss.logging.provider" value="slf4j"/>
    <property name="os.name" value="Mac OS X"/>
    <property name="java.vm.specification.version" value="20"/>
    <property name="sun.java.launcher" value="SUN_STANDARD"/>
    <property name="user.country" value="AR"/>
    <property name="sun.boot.library.path" value="/opt/homebrew/Cellar/openjdk/20.0.1/libexec/openjdk.jdk/Contents/Home/lib"/>
    <property name="sun.java.command" value="/Users/damianblanc/workspace/byma/calculate-regulation-disarrangement-no-security/target/surefire/surefirebooter-20231025131539790_3.jar /Users/damianblanc/workspace/byma/calculate-regulation-disarrangement-no-security/target/surefire 2023-10-25T13-15-39_735-jvmRun1 surefire-20231025131539790_1tmp surefire_0-20231025131539790_2tmp"/>
    <property name="http.nonProxyHosts" value="local|*.local|169.254/16|*.169.254/16"/>
    <property name="jdk.debug" value="release"/>
    <property name="surefire.test.class.path" value="/Users/damianblanc/workspace/byma/calculate-regulation-disarrangement-no-security/target/test-classes:/Users/damianblanc/workspace/byma/calculate-regulation-disarrangement-no-security/target/classes:/Users/damianblanc/.m2/repository/org/springframework/boot/spring-boot-starter-data-jpa/3.1.4/spring-boot-starter-data-jpa-3.1.4.jar:/Users/damianblanc/.m2/repository/org/springframework/boot/spring-boot-starter-aop/3.1.4/spring-boot-starter-aop-3.1.4.jar:/Users/damianblanc/.m2/repository/org/springframework/spring-aop/6.0.12/spring-aop-6.0.12.jar:/Users/damianblanc/.m2/repository/org/aspectj/aspectjweaver/1.9.20/aspectjweaver-1.9.20.jar:/Users/damianblanc/.m2/repository/org/springframework/boot/spring-boot-starter-jdbc/3.1.4/spring-boot-starter-jdbc-3.1.4.jar:/Users/damianblanc/.m2/repository/com/zaxxer/HikariCP/5.0.1/HikariCP-5.0.1.jar:/Users/damianblanc/.m2/repository/org/springframework/spring-jdbc/6.0.12/spring-jdbc-6.0.12.jar:/Users/damianblanc/.m2/repository/org/hibernate/orm/hibernate-core/6.2.9.Final/hibernate-core-6.2.9.Final.jar:/Users/damianblanc/.m2/repository/jakarta/persistence/jakarta.persistence-api/3.1.0/jakarta.persistence-api-3.1.0.jar:/Users/damianblanc/.m2/repository/jakarta/transaction/jakarta.transaction-api/2.0.1/jakarta.transaction-api-2.0.1.jar:/Users/damianblanc/.m2/repository/org/jboss/logging/jboss-logging/3.5.3.Final/jboss-logging-3.5.3.Final.jar:/Users/damianblanc/.m2/repository/org/hibernate/common/hibernate-commons-annotations/6.0.6.Final/hibernate-commons-annotations-6.0.6.Final.jar:/Users/damianblanc/.m2/repository/io/smallrye/jandex/3.0.5/jandex-3.0.5.jar:/Users/damianblanc/.m2/repository/com/fasterxml/classmate/1.5.1/classmate-1.5.1.jar:/Users/damianblanc/.m2/repository/net/bytebuddy/byte-buddy/1.14.8/byte-buddy-1.14.8.jar:/Users/damianblanc/.m2/repository/org/glassfish/jaxb/jaxb-runtime/4.0.3/jaxb-runtime-4.0.3.jar:/Users/damianblanc/.m2/repository/org/glassfish/jaxb/jaxb-core/4.0.3/jaxb-core-4.0.3.jar:/Users/damianblanc/.m2/repository/org/eclipse/angus/angus-activation/2.0.1/angus-activation-2.0.1.jar:/Users/damianblanc/.m2/repository/org/glassfish/jaxb/txw2/4.0.3/txw2-4.0.3.jar:/Users/damianblanc/.m2/repository/com/sun/istack/istack-commons-runtime/4.1.2/istack-commons-runtime-4.1.2.jar:/Users/damianblanc/.m2/repository/jakarta/inject/jakarta.inject-api/2.0.1/jakarta.inject-api-2.0.1.jar:/Users/damianblanc/.m2/repository/org/antlr/antlr4-runtime/4.10.1/antlr4-runtime-4.10.1.jar:/Users/damianblanc/.m2/repository/org/springframework/data/spring-data-jpa/3.1.4/spring-data-jpa-3.1.4.jar:/Users/damianblanc/.m2/repository/org/springframework/data/spring-data-commons/3.1.4/spring-data-commons-3.1.4.jar:/Users/damianblanc/.m2/repository/org/springframework/spring-orm/6.0.12/spring-orm-6.0.12.jar:/Users/damianblanc/.m2/repository/org/springframework/spring-context/6.0.12/spring-context-6.0.12.jar:/Users/damianblanc/.m2/repository/org/springframework/spring-tx/6.0.12/spring-tx-6.0.12.jar:/Users/damianblanc/.m2/repository/org/springframework/spring-beans/6.0.12/spring-beans-6.0.12.jar:/Users/damianblanc/.m2/repository/jakarta/annotation/jakarta.annotation-api/2.1.1/jakarta.annotation-api-2.1.1.jar:/Users/damianblanc/.m2/repository/org/slf4j/slf4j-api/2.0.9/slf4j-api-2.0.9.jar:/Users/damianblanc/.m2/repository/org/springframework/spring-aspects/6.0.12/spring-aspects-6.0.12.jar:/Users/damianblanc/.m2/repository/com/h2database/h2/2.1.214/h2-2.1.214.jar:/Users/damianblanc/.m2/repository/org/springframework/boot/spring-boot-starter-web/3.1.4/spring-boot-starter-web-3.1.4.jar:/Users/damianblanc/.m2/repository/org/springframework/boot/spring-boot-starter/3.1.4/spring-boot-starter-3.1.4.jar:/Users/damianblanc/.m2/repository/org/springframework/boot/spring-boot-starter-logging/3.1.4/spring-boot-starter-logging-3.1.4.jar:/Users/damianblanc/.m2/repository/ch/qos/logback/logback-classic/1.4.11/logback-classic-1.4.11.jar:/Users/damianblanc/.m2/repository/ch/qos/logback/logback-core/1.4.11/logback-core-1.4.11.jar:/Users/damianblanc/.m2/repository/org/apache/logging/log4j/log4j-to-slf4j/2.20.0/log4j-to-slf4j-2.20.0.jar:/Users/damianblanc/.m2/repository/org/apache/logging/log4j/log4j-api/2.20.0/log4j-api-2.20.0.jar:/Users/damianblanc/.m2/repository/org/slf4j/jul-to-slf4j/2.0.9/jul-to-slf4j-2.0.9.jar:/Users/damianblanc/.m2/repository/org/yaml/snakeyaml/1.33/snakeyaml-1.33.jar:/Users/damianblanc/.m2/repository/org/springframework/boot/spring-boot-starter-json/3.1.4/spring-boot-starter-json-3.1.4.jar:/Users/damianblanc/.m2/repository/com/fasterxml/jackson/datatype/jackson-datatype-jdk8/2.15.2/jackson-datatype-jdk8-2.15.2.jar:/Users/damianblanc/.m2/repository/com/fasterxml/jackson/datatype/jackson-datatype-jsr310/2.15.2/jackson-datatype-jsr310-2.15.2.jar:/Users/damianblanc/.m2/repository/com/fasterxml/jackson/module/jackson-module-parameter-names/2.15.2/jackson-module-parameter-names-2.15.2.jar:/Users/damianblanc/.m2/repository/org/springframework/boot/spring-boot-starter-tomcat/3.1.4/spring-boot-starter-tomcat-3.1.4.jar:/Users/damianblanc/.m2/repository/org/apache/tomcat/embed/tomcat-embed-core/10.1.13/tomcat-embed-core-10.1.13.jar:/Users/damianblanc/.m2/repository/org/apache/tomcat/embed/tomcat-embed-el/10.1.13/tomcat-embed-el-10.1.13.jar:/Users/damianblanc/.m2/repository/org/apache/tomcat/embed/tomcat-embed-websocket/10.1.13/tomcat-embed-websocket-10.1.13.jar:/Users/damianblanc/.m2/repository/org/springframework/spring-web/6.0.12/spring-web-6.0.12.jar:/Users/damianblanc/.m2/repository/org/springframework/spring-webmvc/6.0.12/spring-webmvc-6.0.12.jar:/Users/damianblanc/.m2/repository/org/springframework/spring-expression/6.0.12/spring-expression-6.0.12.jar:/Users/damianblanc/.m2/repository/org/springframework/boot/spring-boot-devtools/3.1.4/spring-boot-devtools-3.1.4.jar:/Users/damianblanc/.m2/repository/org/springframework/boot/spring-boot/3.1.4/spring-boot-3.1.4.jar:/Users/damianblanc/.m2/repository/org/springframework/boot/spring-boot-autoconfigure/3.1.4/spring-boot-autoconfigure-3.1.4.jar:/Users/damianblanc/.m2/repository/org/projectlombok/lombok/1.18.30/lombok-1.18.30.jar:/Users/damianblanc/.m2/repository/org/springframework/boot/spring-boot-starter-test/3.1.4/spring-boot-starter-test-3.1.4.jar:/Users/damianblanc/.m2/repository/org/springframework/boot/spring-boot-test/3.1.4/spring-boot-test-3.1.4.jar:/Users/damianblanc/.m2/repository/org/springframework/boot/spring-boot-test-autoconfigure/3.1.4/spring-boot-test-autoconfigure-3.1.4.jar:/Users/damianblanc/.m2/repository/com/jayway/jsonpath/json-path/2.8.0/json-path-2.8.0.jar:/Users/damianblanc/.m2/repository/jakarta/xml/bind/jakarta.xml.bind-api/4.0.1/jakarta.xml.bind-api-4.0.1.jar:/Users/damianblanc/.m2/repository/jakarta/activation/jakarta.activation-api/2.1.2/jakarta.activation-api-2.1.2.jar:/Users/damianblanc/.m2/repository/net/minidev/json-smart/2.4.11/json-smart-2.4.11.jar:/Users/damianblanc/.m2/repository/net/minidev/accessors-smart/2.4.11/accessors-smart-2.4.11.jar:/Users/damianblanc/.m2/repository/org/ow2/asm/asm/9.3/asm-9.3.jar:/Users/damianblanc/.m2/repository/org/assertj/assertj-core/3.24.2/assertj-core-3.24.2.jar:/Users/damianblanc/.m2/repository/org/hamcrest/hamcrest/2.2/hamcrest-2.2.jar:/Users/damianblanc/.m2/repository/org/junit/jupiter/junit-jupiter/5.9.3/junit-jupiter-5.9.3.jar:/Users/damianblanc/.m2/repository/org/junit/jupiter/junit-jupiter-api/5.9.3/junit-jupiter-api-5.9.3.jar:/Users/damianblanc/.m2/repository/org/junit/jupiter/junit-jupiter-params/5.9.3/junit-jupiter-params-5.9.3.jar:/Users/damianblanc/.m2/repository/org/junit/jupiter/junit-jupiter-engine/5.9.3/junit-jupiter-engine-5.9.3.jar:/Users/damianblanc/.m2/repository/org/mockito/mockito-core/5.3.1/mockito-core-5.3.1.jar:/Users/damianblanc/.m2/repository/net/bytebuddy/byte-buddy-agent/1.14.8/byte-buddy-agent-1.14.8.jar:/Users/damianblanc/.m2/repository/org/objenesis/objenesis/3.3/objenesis-3.3.jar:/Users/damianblanc/.m2/repository/org/mockito/mockito-junit-jupiter/5.3.1/mockito-junit-jupiter-5.3.1.jar:/Users/damianblanc/.m2/repository/org/skyscreamer/jsonassert/1.5.1/jsonassert-1.5.1.jar:/Users/damianblanc/.m2/repository/com/vaadin/external/google/android-json/0.0.20131108.vaadin1/android-json-0.0.20131108.vaadin1.jar:/Users/damianblanc/.m2/repository/org/springframework/spring-core/6.0.12/spring-core-6.0.12.jar:/Users/damianblanc/.m2/repository/org/springframework/spring-jcl/6.0.12/spring-jcl-6.0.12.jar:/Users/damianblanc/.m2/repository/org/springframework/spring-test/6.0.12/spring-test-6.0.12.jar:/Users/damianblanc/.m2/repository/org/xmlunit/xmlunit-core/2.9.1/xmlunit-core-2.9.1.jar:/Users/damianblanc/.m2/repository/org/junit/vintage/junit-vintage-engine/5.10.0/junit-vintage-engine-5.10.0.jar:/Users/damianblanc/.m2/repository/org/junit/platform/junit-platform-engine/1.9.3/junit-platform-engine-1.9.3.jar:/Users/damianblanc/.m2/repository/org/opentest4j/opentest4j/1.2.0/opentest4j-1.2.0.jar:/Users/damianblanc/.m2/repository/org/junit/platform/junit-platform-commons/1.9.3/junit-platform-commons-1.9.3.jar:/Users/damianblanc/.m2/repository/org/apiguardian/apiguardian-api/1.1.2/apiguardian-api-1.1.2.jar:/Users/damianblanc/.m2/repository/junit/junit/4.13.2/junit-4.13.2.jar:/Users/damianblanc/.m2/repository/org/hamcrest/hamcrest-core/2.2/hamcrest-core-2.2.jar:/Users/damianblanc/.m2/repository/com/diffplug/guava/guava-core/19.0.0/guava-core-19.0.0.jar:/Users/damianblanc/.m2/repository/org/codehaus/mojo/animal-sniffer-annotations/1.14/animal-sniffer-annotations-1.14.jar:/Users/damianblanc/.m2/repository/com/google/j2objc/j2objc-annotations/0.1/j2objc-annotations-0.1.jar:/Users/damianblanc/.m2/repository/com/diffplug/guava/guava-collect/19.0.0/guava-collect-19.0.0.jar:/Users/damianblanc/.m2/repository/com/squareup/retrofit2/retrofit/2.7.2/retrofit-2.7.2.jar:/Users/damianblanc/.m2/repository/com/squareup/okhttp3/okhttp/4.10.0/okhttp-4.10.0.jar:/Users/damianblanc/.m2/repository/com/squareup/okio/okio-jvm/3.0.0/okio-jvm-3.0.0.jar:/Users/damianblanc/.m2/repository/org/jetbrains/kotlin/kotlin-stdlib-jdk8/1.8.22/kotlin-stdlib-jdk8-1.8.22.jar:/Users/damianblanc/.m2/repository/org/jetbrains/kotlin/kotlin-stdlib-jdk7/1.8.22/kotlin-stdlib-jdk7-1.8.22.jar:/Users/damianblanc/.m2/repository/org/jetbrains/kotlin/kotlin-stdlib-common/1.8.22/kotlin-stdlib-common-1.8.22.jar:/Users/damianblanc/.m2/repository/org/jetbrains/kotlin/kotlin-stdlib/1.8.22/kotlin-stdlib-1.8.22.jar:/Users/damianblanc/.m2/repository/org/jetbrains/annotations/13.0/annotations-13.0.jar:/Users/damianblanc/.m2/repository/com/squareup/retrofit2/converter-gson/2.7.2/converter-gson-2.7.2.jar:/Users/damianblanc/.m2/repository/com/google/code/gson/gson/2.10.1/gson-2.10.1.jar:/Users/damianblanc/.m2/repository/org/springdoc/springdoc-openapi-starter-webmvc-ui/2.1.0/springdoc-openapi-starter-webmvc-ui-2.1.0.jar:/Users/damianblanc/.m2/repository/org/springdoc/springdoc-openapi-starter-webmvc-api/2.1.0/springdoc-openapi-starter-webmvc-api-2.1.0.jar:/Users/damianblanc/.m2/repository/org/springdoc/springdoc-openapi-starter-common/2.1.0/springdoc-openapi-starter-common-2.1.0.jar:/Users/damianblanc/.m2/repository/io/swagger/core/v3/swagger-core-jakarta/2.2.9/swagger-core-jakarta-2.2.9.jar:/Users/damianblanc/.m2/repository/org/apache/commons/commons-lang3/3.12.0/commons-lang3-3.12.0.jar:/Users/damianblanc/.m2/repository/io/swagger/core/v3/swagger-annotations-jakarta/2.2.9/swagger-annotations-jakarta-2.2.9.jar:/Users/damianblanc/.m2/repository/io/swagger/core/v3/swagger-models-jakarta/2.2.9/swagger-models-jakarta-2.2.9.jar:/Users/damianblanc/.m2/repository/jakarta/validation/jakarta.validation-api/3.0.2/jakarta.validation-api-3.0.2.jar:/Users/damianblanc/.m2/repository/com/fasterxml/jackson/dataformat/jackson-dataformat-yaml/2.15.2/jackson-dataformat-yaml-2.15.2.jar:/Users/damianblanc/.m2/repository/org/webjars/swagger-ui/4.18.2/swagger-ui-4.18.2.jar:/Users/damianblanc/.m2/repository/com/mysql/mysql-connector-j/8.0.33/mysql-connector-j-8.0.33.jar:/Users/damianblanc/.m2/repository/org/springframework/boot/spring-boot-starter-actuator/3.1.4/spring-boot-starter-actuator-3.1.4.jar:/Users/damianblanc/.m2/repository/org/springframework/boot/spring-boot-actuator-autoconfigure/3.1.4/spring-boot-actuator-autoconfigure-3.1.4.jar:/Users/damianblanc/.m2/repository/org/springframework/boot/spring-boot-actuator/3.1.4/spring-boot-actuator-3.1.4.jar:/Users/damianblanc/.m2/repository/io/micrometer/micrometer-observation/1.11.4/micrometer-observation-1.11.4.jar:/Users/damianblanc/.m2/repository/io/micrometer/micrometer-commons/1.11.4/micrometer-commons-1.11.4.jar:/Users/damianblanc/.m2/repository/io/micrometer/micrometer-core/1.11.4/micrometer-core-1.11.4.jar:/Users/damianblanc/.m2/repository/org/hdrhistogram/HdrHistogram/2.1.12/HdrHistogram-2.1.12.jar:/Users/damianblanc/.m2/repository/org/latencyutils/LatencyUtils/2.0.3/LatencyUtils-2.0.3.jar:/Users/damianblanc/.m2/repository/org/springframework/cloud/spring-cloud-starter/4.0.4/spring-cloud-starter-4.0.4.jar:/Users/damianblanc/.m2/repository/org/springframework/cloud/spring-cloud-context/4.0.4/spring-cloud-context-4.0.4.jar:/Users/damianblanc/.m2/repository/org/springframework/security/spring-security-crypto/6.1.4/spring-security-crypto-6.1.4.jar:/Users/damianblanc/.m2/repository/org/springframework/cloud/spring-cloud-commons/4.0.4/spring-cloud-commons-4.0.4.jar:/Users/damianblanc/.m2/repository/org/springframework/security/spring-security-rsa/1.0.12.RELEASE/spring-security-rsa-1.0.12.RELEASE.jar:/Users/damianblanc/.m2/repository/org/bouncycastle/bcpkix-jdk18on/1.73/bcpkix-jdk18on-1.73.jar:/Users/damianblanc/.m2/repository/org/bouncycastle/bcprov-jdk18on/1.73/bcprov-jdk18on-1.73.jar:/Users/damianblanc/.m2/repository/org/bouncycastle/bcutil-jdk18on/1.73/bcutil-jdk18on-1.73.jar:/Users/damianblanc/.m2/repository/org/springframework/cloud/spring-cloud-starter-bootstrap/4.0.2/spring-cloud-starter-bootstrap-4.0.2.jar:/Users/damianblanc/.m2/repository/org/springframework/cloud/spring-cloud-starter-config/4.0.2/spring-cloud-starter-config-4.0.2.jar:/Users/damianblanc/.m2/repository/org/springframework/cloud/spring-cloud-config-client/4.0.4/spring-cloud-config-client-4.0.4.jar:/Users/damianblanc/.m2/repository/com/fasterxml/jackson/core/jackson-annotations/2.15.2/jackson-annotations-2.15.2.jar:/Users/damianblanc/.m2/repository/org/apache/httpcomponents/client5/httpclient5/5.2.1/httpclient5-5.2.1.jar:/Users/damianblanc/.m2/repository/org/apache/httpcomponents/core5/httpcore5/5.2.2/httpcore5-5.2.2.jar:/Users/damianblanc/.m2/repository/org/apache/httpcomponents/core5/httpcore5-h2/5.2.2/httpcore5-h2-5.2.2.jar:/Users/damianblanc/.m2/repository/com/fasterxml/jackson/core/jackson-databind/2.15.2/jackson-databind-2.15.2.jar:/Users/damianblanc/.m2/repository/com/fasterxml/jackson/core/jackson-core/2.15.2/jackson-core-2.15.2.jar:/Users/damianblanc/.m2/repository/org/apache/tomcat/servlet-api/6.0.51/servlet-api-6.0.51.jar:"/>
    <property name="sun.cpu.endian" value="little"/>
    <property name="user.home" value="/Users/damianblanc"/>
    <property name="user.language" value="en"/>
    <property name="java.specification.vendor" value="Oracle Corporation"/>
    <property name="java.version.date" value="2023-04-18"/>
    <property name="java.home" value="/opt/homebrew/Cellar/openjdk/20.0.1/libexec/openjdk.jdk/Contents/Home"/>
    <property name="file.separator" value="/"/>
    <property name="basedir" value="/Users/damianblanc/workspace/byma/calculate-regulation-disarrangement-no-security"/>
    <property name="java.vm.compressedOopsMode" value="Zero based"/>
    <property name="line.separator" value="&#10;"/>
    <property name="java.vm.specification.vendor" value="Oracle Corporation"/>
    <property name="java.specification.name" value="Java Platform API Specification"/>
    <property name="FILE_LOG_CHARSET" value="UTF-8"/>
    <property name="java.awt.headless" value="true"/>
    <property name="apple.awt.application.name" value="ForkedBooter"/>
    <property name="surefire.real.class.path" value="/Users/damianblanc/workspace/byma/calculate-regulation-disarrangement-no-security/target/surefire/surefirebooter-20231025131539790_3.jar"/>
    <property name="sun.management.compiler" value="HotSpot 64-Bit Tiered Compilers"/>
    <property name="ftp.nonProxyHosts" value="local|*.local|169.254/16|*.169.254/16"/>
    <property name="java.runtime.version" value="20.0.1"/>
    <property name="user.name" value="damianblanc"/>
    <property name="stdout.encoding" value="UTF-8"/>
    <property name="path.separator" value=":"/>
    <property name="os.version" value="13.4.1"/>
    <property name="java.runtime.name" value="OpenJDK Runtime Environment"/>
    <property name="file.encoding" value="UTF-8"/>
    <property name="java.vm.name" value="OpenJDK 64-Bit Server VM"/>
    <property name="java.vendor.version" value="Homebrew"/>
    <property name="localRepository" value="/Users/damianblanc/.m2/repository"/>
    <property name="java.vendor.url.bug" value="https://github.com/Homebrew/homebrew-core/issues"/>
    <property name="java.io.tmpdir" value="/var/folders/zr/c544v0b93v52x59v31q9181h0000gn/T/"/>
    <property name="com.zaxxer.hikari.pool_number" value="1"/>
    <property name="java.version" value="20.0.1"/>
    <property name="user.dir" value="/Users/damianblanc/workspace/byma/calculate-regulation-disarrangement-no-security"/>
    <property name="os.arch" value="aarch64"/>
    <property name="java.vm.specification.name" value="Java Virtual Machine Specification"/>
    <property name="PID" value="34596"/>
    <property name="CONSOLE_LOG_CHARSET" value="UTF-8"/>
    <property name="native.encoding" value="UTF-8"/>
    <property name="java.library.path" value="/Users/damianblanc/Library/Java/Extensions:/Library/Java/Extensions:/Network/Library/Java/Extensions:/System/Library/Java/Extensions:/usr/lib/java:."/>
    <property name="java.vm.info" value="mixed mode, sharing"/>
    <property name="stderr.encoding" value="UTF-8"/>
    <property name="java.vendor" value="Homebrew"/>
    <property name="java.vm.version" value="20.0.1"/>
    <property name="sun.io.unicode.encoding" value="UnicodeBig"/>
    <property name="socksNonProxyHosts" value="local|*.local|169.254/16|*.169.254/16"/>
    <property name="java.class.version" value="64.0"/>
  </properties>
  <testcase name="contextLoads" classname="com.bymatech.calculateregulationdisarrangement.CalculateRegulationBiasApplicationTests" time="0.343">
    <system-out><![CDATA[13:15:40.227 [main] INFO org.springframework.test.context.support.AnnotationConfigContextLoaderUtils -- Could not detect default configuration classes for test class [com.bymatech.calculateregulationdisarrangement.CalculateRegulationBiasApplicationTests]: CalculateRegulationBiasApplicationTests does not declare any static, non-private, non-final, nested classes annotated with @Configuration.
13:15:40.291 [main] INFO org.springframework.boot.test.context.SpringBootTestContextBootstrapper -- Found @SpringBootConfiguration com.bymatech.calculateregulationdisarrangement.CalculateRegulationDisarrangementApplication for test class com.bymatech.calculateregulationdisarrangement.CalculateRegulationBiasApplicationTests

  .   ____          _            __ _ _
 /\\ / ___'_ __ _ _(_)_ __  __ _ \ \ \ \
( ( )\___ | '_ | '_| | '_ \/ _` | \ \ \ \
 \\/  ___)| |_)| | | | | || (_| |  ) ) ) )
  '  |____| .__|_| |_|_| |_\__, | / / / /
 =========|_|==============|___/=/_/_/_/
 :: Spring Boot ::                (v3.1.4)

2023-10-25T13:15:40.718-03:00  INFO 34596 --- [           main] c.c.c.ConfigServicePropertySourceLocator : Fetching config from server at : http://localhost:8888
2023-10-25T13:15:40.781-03:00  INFO 34596 --- [           main] c.c.c.ConfigServicePropertySourceLocator : Exception on Url - http://localhost:8888:org.springframework.web.client.ResourceAccessException: I/O error on GET request for "http://localhost:8888/config-client/default": Connection refused. Will be trying the next url if available
2023-10-25T13:15:40.782-03:00  WARN 34596 --- [           main] c.c.c.ConfigServicePropertySourceLocator : Could not locate PropertySource: I/O error on GET request for "http://localhost:8888/config-client/default": Connection refused
2023-10-25T13:15:40.788-03:00  INFO 34596 --- [           main] .CalculateRegulationBiasApplicationTests : No active profile set, falling back to 1 default profile: "default"
2023-10-25T13:15:41.284-03:00  INFO 34596 --- [           main] .s.d.r.c.RepositoryConfigurationDelegate : Bootstrapping Spring Data JPA repositories in DEFAULT mode.
2023-10-25T13:15:41.314-03:00  INFO 34596 --- [           main] .s.d.r.c.RepositoryConfigurationDelegate : Finished Spring Data repository scanning in 26 ms. Found 4 JPA repository interfaces.
2023-10-25T13:15:41.397-03:00  INFO 34596 --- [           main] o.s.cloud.context.scope.GenericScope     : BeanFactory id=721aa9fa-1cab-3241-82ec-954534edd90f
2023-10-25T13:15:41.552-03:00  INFO 34596 --- [           main] o.hibernate.jpa.internal.util.LogHelper  : HHH000204: Processing PersistenceUnitInfo [name: default]
2023-10-25T13:15:41.583-03:00  INFO 34596 --- [           main] org.hibernate.Version                    : HHH000412: Hibernate ORM core version 6.2.9.Final
2023-10-25T13:15:41.584-03:00  INFO 34596 --- [           main] org.hibernate.cfg.Environment            : HHH000406: Using bytecode reflection optimizer
2023-10-25T13:15:41.637-03:00  INFO 34596 --- [           main] o.h.b.i.BytecodeProviderInitiator        : HHH000021: Bytecode provider name : bytebuddy
2023-10-25T13:15:41.684-03:00  INFO 34596 --- [           main] o.s.o.j.p.SpringPersistenceUnitInfo      : No LoadTimeWeaver setup: ignoring JPA class transformer
2023-10-25T13:15:41.691-03:00  INFO 34596 --- [           main] com.zaxxer.hikari.HikariDataSource       : HikariPool-1 - Starting...
2023-10-25T13:15:41.889-03:00  INFO 34596 --- [           main] com.zaxxer.hikari.pool.HikariPool        : HikariPool-1 - Added connection com.mysql.cj.jdbc.ConnectionImpl@701c482e
2023-10-25T13:15:41.890-03:00  INFO 34596 --- [           main] com.zaxxer.hikari.HikariDataSource       : HikariPool-1 - Start completed.
2023-10-25T13:15:42.066-03:00  INFO 34596 --- [           main] o.h.b.i.BytecodeProviderInitiator        : HHH000021: Bytecode provider name : bytebuddy
2023-10-25T13:15:42.265-03:00  INFO 34596 --- [           main] o.h.m.i.EntityInstantiatorPojoStandard   : HHH000182: No default (no-argument) constructor for class: com.bymatech.calculateregulationdisarrangement.domain.FCISpecieType (class must be instantiated by Interceptor)
2023-10-25T13:15:42.337-03:00  INFO 34596 --- [           main] o.h.m.i.EntityInstantiatorPojoStandard   : HHH000182: No default (no-argument) constructor for class: com.bymatech.calculateregulationdisarrangement.domain.FCISpecieTypeGroup (class must be instantiated by Interceptor)
2023-10-25T13:15:42.429-03:00  INFO 34596 --- [           main] o.h.e.t.j.p.i.JtaPlatformInitiator       : HHH000490: Using JtaPlatform implementation: [org.hibernate.engine.transaction.jta.platform.internal.NoJtaPlatform]
Hibernate: 
    alter table advices 
       drop 
       foreign key FKqjan6u45g0orrxvn2s9j4k32x
Hibernate: 
    alter table Biases 
       drop 
       foreign key FKewwt29gee2kils389bqs1gw1v
Hibernate: 
    alter table Biases 
       drop 
       foreign key FKfa8g2iiiwflkteh0t3spb4dv6
Hibernate: 
    alter table FCIComposition 
       drop 
       foreign key FKoyxmhaivxpotnw2tpjs2i0wim
Hibernate: 
    alter table FCIRegulation_composition 
       drop 
       foreign key FK8alwc0hb5d4rbsqnuqkm0pyeq
Hibernate: 
    alter table FCIRegulation_composition 
       drop 
       foreign key FK1a6ykdr36d1wcgciydsxiosr7
Hibernate: 
    alter table FCIRegulation_FCIPositionAdvices 
       drop 
       foreign key FKo4211mhdk7tla3g4cugc36832
Hibernate: 
    alter table FCIRegulation_FCIPositionAdvices 
       drop 
       foreign key FKh68wlvjh0i0ab6iyyhcrhsu1n
Hibernate: 
    alter table FCIRegulation_positions 
       drop 
       foreign key FKs80cg7d0x38jwhl7dnqqy7rqd
Hibernate: 
    alter table FCIRegulation_positions 
       drop 
       foreign key FKagrb02s93df1o43xnyclh555k
Hibernate: 
    alter table specie_type 
       drop 
       foreign key FK2rf5x20ndftxg0dq56wct9xa
Hibernate: 
    alter table specie_type 
       drop 
       foreign key FKjifbkmu7fuq45p275mm2w1lel
Hibernate: 
    alter table specie_type_by_group 
       drop 
       foreign key FK4u44g4u27t3plelg1ijb6qy7u
Hibernate: 
    alter table specie_type_by_group 
       drop 
       foreign key FKg29rsdp5b3ahrpd6pbvffgj2q
Hibernate: 
    drop table if exists advices
Hibernate: 
    drop table if exists advisor_criteria_parameter
Hibernate: 
    drop table if exists advisor_criteria_parameter_SEQ
Hibernate: 
    drop table if exists Biases
Hibernate: 
    drop table if exists Biases_SEQ
Hibernate: 
    drop table if exists FCIComposition
Hibernate: 
    drop table if exists FCIPosition
Hibernate: 
    drop table if exists FCIPosition_SEQ
Hibernate: 
    drop table if exists FCIRegulation
Hibernate: 
    drop table if exists FCIRegulation_composition
Hibernate: 
    drop table if exists FCIRegulation_FCIPositionAdvices
Hibernate: 
    drop table if exists FCIRegulation_positions
Hibernate: 
    drop table if exists FCIRegulation_SEQ
Hibernate: 
    drop table if exists Retrievals
Hibernate: 
    drop table if exists Retrievals_SEQ
Hibernate: 
    drop table if exists specie_type
Hibernate: 
    drop table if exists specie_type_by_group
Hibernate: 
    drop table if exists specie_type_group
Hibernate: 
    drop table if exists specie_type_group_SEQ
Hibernate: 
    create table advices (
        fci_regulation_id integer,
        registration_time datetime(6),
        id binary(16) not null,
        advice TEXT,
        owner varchar(255),
        primary key (id)
    ) engine=InnoDB
Hibernate: 
    create table advisor_criteria_parameter (
        id integer not null,
        description varchar(255),
        name varchar(255),
        parameter_definition varchar(255),
        primary key (id)
    ) engine=InnoDB
Hibernate: 
    create table advisor_criteria_parameter_SEQ (
        next_val bigint
    ) engine=InnoDB
Hibernate: 
    insert into advisor_criteria_parameter_SEQ values ( 1 )
Hibernate: 
    create table Biases (
        biasPercentage float(53),
        fciRegulation_id integer,
        id integer not null,
        retrieval_id integer,
        primary key (id)
    ) engine=InnoDB
Hibernate: 
    create table Biases_SEQ (
        next_val bigint
    ) engine=InnoDB
Hibernate: 
    insert into Biases_SEQ values ( 1 )
Hibernate: 
    create table FCIComposition (
        fciComposition integer not null,
        percentage float(53),
        primary key (fciComposition)
    ) engine=InnoDB
Hibernate: 
    create table FCIPosition (
        id integer not null,
        created_on datetime(6),
        jsonPosition varchar(4096),
        overview varchar(255),
        primary key (id)
    ) engine=InnoDB
Hibernate: 
    create table FCIPosition_SEQ (
        next_val bigint
    ) engine=InnoDB
Hibernate: 
    insert into FCIPosition_SEQ values ( 1 )
Hibernate: 
    create table FCIRegulation (
        fci_regulation_id integer not null,
        description varchar(255),
        name varchar(255),
        symbol varchar(255),
        primary key (fci_regulation_id)
    ) engine=InnoDB
Hibernate: 
    create table FCIRegulation_composition (
        FCIRegulation_fci_regulation_id integer not null,
        composition_fciComposition integer not null,
        primary key (FCIRegulation_fci_regulation_id, composition_fciComposition)
    ) engine=InnoDB
Hibernate: 
    create table FCIRegulation_FCIPositionAdvices (
        FCIRegulation_fci_regulation_id integer not null,
        FCIPositionAdvices_id binary(16) not null
    ) engine=InnoDB
Hibernate: 
    create table FCIRegulation_positions (
        FCIRegulation_fci_regulation_id integer not null,
        positions_id integer not null,
        primary key (FCIRegulation_fci_regulation_id, positions_id)
    ) engine=InnoDB
Hibernate: 
    create table FCIRegulation_SEQ (
        next_val bigint
    ) engine=InnoDB
Hibernate: 
    insert into FCIRegulation_SEQ values ( 1 )
Hibernate: 
    create table Retrievals (
        id integer not null,
        timestamp datetime(6),
        primary key (id)
    ) engine=InnoDB
Hibernate: 
    create table Retrievals_SEQ (
        next_val bigint
    ) engine=InnoDB
Hibernate: 
    insert into Retrievals_SEQ values ( 1 )
Hibernate: 
    create table specie_type (
        fciSpecieType integer not null,
        specieTypeGroup_id integer not null,
        description varchar(255),
        name varchar(255),
        primary key (fciSpecieType)
    ) engine=InnoDB
Hibernate: 
    create table specie_type_by_group (
        group_id integer not null,
        specie_type_id integer not null,
        primary key (group_id, specie_type_id)
    ) engine=InnoDB
Hibernate: 
    create table specie_type_group (
        id integer not null,
        description varchar(255),
        name varchar(255),
        url varchar(255),
        primary key (id)
    ) engine=InnoDB
Hibernate: 
    create table specie_type_group_SEQ (
        next_val bigint
    ) engine=InnoDB
Hibernate: 
    insert into specie_type_group_SEQ values ( 1 )
Hibernate: 
    alter table FCIRegulation_composition 
       add constraint UK_nn2an3pl6vgjp2cmv16lcu0na unique (composition_fciComposition)
Hibernate: 
    alter table FCIRegulation_FCIPositionAdvices 
       add constraint UK_av9nf25x8dmstjhvfj4m2yo9f unique (FCIPositionAdvices_id)
Hibernate: 
    alter table FCIRegulation_positions 
       add constraint UK_b45b3pv8yo0nhd5lkjplmwa6h unique (positions_id)
Hibernate: 
    alter table specie_type_by_group 
       add constraint UK_qkdsroce4dnwv3l3rkjgd08i1 unique (specie_type_id)
Hibernate: 
    alter table advices 
       add constraint FKqjan6u45g0orrxvn2s9j4k32x 
       foreign key (fci_regulation_id) 
       references FCIRegulation (fci_regulation_id)
Hibernate: 
    alter table Biases 
       add constraint FKewwt29gee2kils389bqs1gw1v 
       foreign key (fciRegulation_id) 
       references FCIRegulation (fci_regulation_id)
Hibernate: 
    alter table Biases 
       add constraint FKfa8g2iiiwflkteh0t3spb4dv6 
       foreign key (retrieval_id) 
       references Retrievals (id)
Hibernate: 
    alter table FCIComposition 
       add constraint FKoyxmhaivxpotnw2tpjs2i0wim 
       foreign key (fciComposition) 
       references specie_type (fciSpecieType)
Hibernate: 
    alter table FCIRegulation_composition 
       add constraint FK8alwc0hb5d4rbsqnuqkm0pyeq 
       foreign key (composition_fciComposition) 
       references FCIComposition (fciComposition)
Hibernate: 
    alter table FCIRegulation_composition 
       add constraint FK1a6ykdr36d1wcgciydsxiosr7 
       foreign key (FCIRegulation_fci_regulation_id) 
       references FCIRegulation (fci_regulation_id)
Hibernate: 
    alter table FCIRegulation_FCIPositionAdvices 
       add constraint FKo4211mhdk7tla3g4cugc36832 
       foreign key (FCIPositionAdvices_id) 
       references advices (id)
Hibernate: 
    alter table FCIRegulation_FCIPositionAdvices 
       add constraint FKh68wlvjh0i0ab6iyyhcrhsu1n 
       foreign key (FCIRegulation_fci_regulation_id) 
       references FCIRegulation (fci_regulation_id)
Hibernate: 
    alter table FCIRegulation_positions 
       add constraint FKs80cg7d0x38jwhl7dnqqy7rqd 
       foreign key (positions_id) 
       references FCIPosition (id)
Hibernate: 
    alter table FCIRegulation_positions 
       add constraint FKagrb02s93df1o43xnyclh555k 
       foreign key (FCIRegulation_fci_regulation_id) 
       references FCIRegulation (fci_regulation_id)
Hibernate: 
    alter table specie_type 
       add constraint FK2rf5x20ndftxg0dq56wct9xa 
       foreign key (specieTypeGroup_id) 
       references specie_type_group (id)
Hibernate: 
    alter table specie_type 
       add constraint FKjifbkmu7fuq45p275mm2w1lel 
       foreign key (fciSpecieType) 
       references FCIComposition (fciComposition)
Hibernate: 
    alter table specie_type_by_group 
       add constraint FK4u44g4u27t3plelg1ijb6qy7u 
       foreign key (specie_type_id) 
       references specie_type (fciSpecieType)
Hibernate: 
    alter table specie_type_by_group 
       add constraint FKg29rsdp5b3ahrpd6pbvffgj2q 
       foreign key (group_id) 
       references specie_type_group (id)
2023-10-25T13:15:42.771-03:00  INFO 34596 --- [           main] j.LocalContainerEntityManagerFactoryBean : Initialized JPA EntityManagerFactory for persistence unit 'default'
2023-10-25T13:15:42.973-03:00  INFO 34596 --- [           main] o.s.d.j.r.query.QueryEnhancerFactory     : Hibernate is in classpath; If applicable, HQL parser will be used.
2023-10-25T13:15:43.316-03:00  WARN 34596 --- [           main] JpaBaseConfiguration$JpaWebConfiguration : spring.jpa.open-in-view is enabled by default. Therefore, database queries may be performed during view rendering. Explicitly configure spring.jpa.open-in-view to disable this warning
2023-10-25T13:15:43.655-03:00  INFO 34596 --- [           main] o.s.b.a.e.web.EndpointLinksResolver      : Exposing 8 endpoint(s) beneath base path '/actuator'
2023-10-25T13:15:43.702-03:00  INFO 34596 --- [           main] .CalculateRegulationBiasApplicationTests : Started CalculateRegulationBiasApplicationTests in 3.338 seconds (process running for 3.862)
]]></system-out>
  </testcase>
</testsuite>