<?xml version="1.0" encoding="UTF-8"?>
<testsuite xmlns:xsi="http://www.w3.org/2001/XMLSchema-instance" xsi:noNamespaceSchemaLocation="https://maven.apache.org/surefire/maven-surefire-plugin/xsd/surefire-test-report-3.0.xsd" version="3.0" name="com.bymatech.calculateregulationdisarrangement.CalculateRegulationDisarrangementApplicationTests" time="2.333" tests="1" errors="0" skipped="0" failures="0">
  <properties>
    <property name="java.specification.version" value="20"/>
    <property name="sun.jnu.encoding" value="UTF-8"/>
    <property name="java.class.path" value="/Users/damianblanc/workspace/byma/calculate-regulation-disarrangement-no-security/target/test-classes:/Users/damianblanc/workspace/byma/calculate-regulation-disarrangement-no-security/target/classes:/Users/damianblanc/.m2/repository/org/springframework/boot/spring-boot-starter-data-jpa/3.1.3/spring-boot-starter-data-jpa-3.1.3.jar:/Users/damianblanc/.m2/repository/org/springframework/boot/spring-boot-starter-aop/3.1.3/spring-boot-starter-aop-3.1.3.jar:/Users/damianblanc/.m2/repository/org/springframework/spring-aop/6.0.11/spring-aop-6.0.11.jar:/Users/damianblanc/.m2/repository/org/aspectj/aspectjweaver/1.9.20/aspectjweaver-1.9.20.jar:/Users/damianblanc/.m2/repository/org/springframework/boot/spring-boot-starter-jdbc/3.1.3/spring-boot-starter-jdbc-3.1.3.jar:/Users/damianblanc/.m2/repository/com/zaxxer/HikariCP/5.0.1/HikariCP-5.0.1.jar:/Users/damianblanc/.m2/repository/org/springframework/spring-jdbc/6.0.11/spring-jdbc-6.0.11.jar:/Users/damianblanc/.m2/repository/org/hibernate/orm/hibernate-core/6.2.7.Final/hibernate-core-6.2.7.Final.jar:/Users/damianblanc/.m2/repository/jakarta/persistence/jakarta.persistence-api/3.1.0/jakarta.persistence-api-3.1.0.jar:/Users/damianblanc/.m2/repository/jakarta/transaction/jakarta.transaction-api/2.0.1/jakarta.transaction-api-2.0.1.jar:/Users/damianblanc/.m2/repository/org/jboss/logging/jboss-logging/3.5.3.Final/jboss-logging-3.5.3.Final.jar:/Users/damianblanc/.m2/repository/org/hibernate/common/hibernate-commons-annotations/6.0.6.Final/hibernate-commons-annotations-6.0.6.Final.jar:/Users/damianblanc/.m2/repository/io/smallrye/jandex/3.0.5/jandex-3.0.5.jar:/Users/damianblanc/.m2/repository/com/fasterxml/classmate/1.5.1/classmate-1.5.1.jar:/Users/damianblanc/.m2/repository/net/bytebuddy/byte-buddy/1.14.6/byte-buddy-1.14.6.jar:/Users/damianblanc/.m2/repository/org/glassfish/jaxb/jaxb-runtime/4.0.3/jaxb-runtime-4.0.3.jar:/Users/damianblanc/.m2/repository/org/glassfish/jaxb/jaxb-core/4.0.3/jaxb-core-4.0.3.jar:/Users/damianblanc/.m2/repository/org/eclipse/angus/angus-activation/2.0.1/angus-activation-2.0.1.jar:/Users/damianblanc/.m2/repository/org/glassfish/jaxb/txw2/4.0.3/txw2-4.0.3.jar:/Users/damianblanc/.m2/repository/com/sun/istack/istack-commons-runtime/4.1.2/istack-commons-runtime-4.1.2.jar:/Users/damianblanc/.m2/repository/jakarta/inject/jakarta.inject-api/2.0.1/jakarta.inject-api-2.0.1.jar:/Users/damianblanc/.m2/repository/org/antlr/antlr4-runtime/4.10.1/antlr4-runtime-4.10.1.jar:/Users/damianblanc/.m2/repository/org/springframework/data/spring-data-jpa/3.1.3/spring-data-jpa-3.1.3.jar:/Users/damianblanc/.m2/repository/org/springframework/data/spring-data-commons/3.1.3/spring-data-commons-3.1.3.jar:/Users/damianblanc/.m2/repository/org/springframework/spring-orm/6.0.11/spring-orm-6.0.11.jar:/Users/damianblanc/.m2/repository/org/springframework/spring-context/6.0.11/spring-context-6.0.11.jar:/Users/damianblanc/.m2/repository/org/springframework/spring-tx/6.0.11/spring-tx-6.0.11.jar:/Users/damianblanc/.m2/repository/org/springframework/spring-beans/6.0.11/spring-beans-6.0.11.jar:/Users/damianblanc/.m2/repository/jakarta/annotation/jakarta.annotation-api/2.1.1/jakarta.annotation-api-2.1.1.jar:/Users/damianblanc/.m2/repository/org/slf4j/slf4j-api/2.0.7/slf4j-api-2.0.7.jar:/Users/damianblanc/.m2/repository/org/springframework/spring-aspects/6.0.11/spring-aspects-6.0.11.jar:/Users/damianblanc/.m2/repository/com/h2database/h2/2.1.214/h2-2.1.214.jar:/Users/damianblanc/.m2/repository/org/springframework/boot/spring-boot-starter-web/3.1.3/spring-boot-starter-web-3.1.3.jar:/Users/damianblanc/.m2/repository/org/springframework/boot/spring-boot-starter/3.1.3/spring-boot-starter-3.1.3.jar:/Users/damianblanc/.m2/repository/org/springframework/boot/spring-boot-starter-logging/3.1.3/spring-boot-starter-logging-3.1.3.jar:/Users/damianblanc/.m2/repository/ch/qos/logback/logback-classic/1.4.11/logback-classic-1.4.11.jar:/Users/damianblanc/.m2/repository/ch/qos/logback/logback-core/1.4.11/logback-core-1.4.11.jar:/Users/damianblanc/.m2/repository/org/apache/logging/log4j/log4j-to-slf4j/2.20.0/log4j-to-slf4j-2.20.0.jar:/Users/damianblanc/.m2/repository/org/apache/logging/log4j/log4j-api/2.20.0/log4j-api-2.20.0.jar:/Users/damianblanc/.m2/repository/org/slf4j/jul-to-slf4j/2.0.7/jul-to-slf4j-2.0.7.jar:/Users/damianblanc/.m2/repository/org/yaml/snakeyaml/1.33/snakeyaml-1.33.jar:/Users/damianblanc/.m2/repository/org/springframework/boot/spring-boot-starter-json/3.1.3/spring-boot-starter-json-3.1.3.jar:/Users/damianblanc/.m2/repository/com/fasterxml/jackson/core/jackson-databind/2.15.2/jackson-databind-2.15.2.jar:/Users/damianblanc/.m2/repository/com/fasterxml/jackson/core/jackson-annotations/2.15.2/jackson-annotations-2.15.2.jar:/Users/damianblanc/.m2/repository/com/fasterxml/jackson/core/jackson-core/2.15.2/jackson-core-2.15.2.jar:/Users/damianblanc/.m2/repository/com/fasterxml/jackson/datatype/jackson-datatype-jdk8/2.15.2/jackson-datatype-jdk8-2.15.2.jar:/Users/damianblanc/.m2/repository/com/fasterxml/jackson/datatype/jackson-datatype-jsr310/2.15.2/jackson-datatype-jsr310-2.15.2.jar:/Users/damianblanc/.m2/repository/com/fasterxml/jackson/module/jackson-module-parameter-names/2.15.2/jackson-module-parameter-names-2.15.2.jar:/Users/damianblanc/.m2/repository/org/springframework/boot/spring-boot-starter-tomcat/3.1.3/spring-boot-starter-tomcat-3.1.3.jar:/Users/damianblanc/.m2/repository/org/apache/tomcat/embed/tomcat-embed-core/10.1.12/tomcat-embed-core-10.1.12.jar:/Users/damianblanc/.m2/repository/org/apache/tomcat/embed/tomcat-embed-el/10.1.12/tomcat-embed-el-10.1.12.jar:/Users/damianblanc/.m2/repository/org/apache/tomcat/embed/tomcat-embed-websocket/10.1.12/tomcat-embed-websocket-10.1.12.jar:/Users/damianblanc/.m2/repository/org/springframework/spring-web/6.0.11/spring-web-6.0.11.jar:/Users/damianblanc/.m2/repository/io/micrometer/micrometer-observation/1.11.3/micrometer-observation-1.11.3.jar:/Users/damianblanc/.m2/repository/io/micrometer/micrometer-commons/1.11.3/micrometer-commons-1.11.3.jar:/Users/damianblanc/.m2/repository/org/springframework/spring-webmvc/6.0.11/spring-webmvc-6.0.11.jar:/Users/damianblanc/.m2/repository/org/springframework/spring-expression/6.0.11/spring-expression-6.0.11.jar:/Users/damianblanc/.m2/repository/org/springframework/boot/spring-boot-devtools/3.1.3/spring-boot-devtools-3.1.3.jar:/Users/damianblanc/.m2/repository/org/springframework/boot/spring-boot/3.1.3/spring-boot-3.1.3.jar:/Users/damianblanc/.m2/repository/org/springframework/boot/spring-boot-autoconfigure/3.1.3/spring-boot-autoconfigure-3.1.3.jar:/Users/damianblanc/.m2/repository/org/projectlombok/lombok/1.18.28/lombok-1.18.28.jar:/Users/damianblanc/.m2/repository/org/springframework/boot/spring-boot-starter-test/3.1.3/spring-boot-starter-test-3.1.3.jar:/Users/damianblanc/.m2/repository/org/springframework/boot/spring-boot-test/3.1.3/spring-boot-test-3.1.3.jar:/Users/damianblanc/.m2/repository/org/springframework/boot/spring-boot-test-autoconfigure/3.1.3/spring-boot-test-autoconfigure-3.1.3.jar:/Users/damianblanc/.m2/repository/com/jayway/jsonpath/json-path/2.8.0/json-path-2.8.0.jar:/Users/damianblanc/.m2/repository/jakarta/xml/bind/jakarta.xml.bind-api/4.0.0/jakarta.xml.bind-api-4.0.0.jar:/Users/damianblanc/.m2/repository/jakarta/activation/jakarta.activation-api/2.1.2/jakarta.activation-api-2.1.2.jar:/Users/damianblanc/.m2/repository/net/minidev/json-smart/2.4.11/json-smart-2.4.11.jar:/Users/damianblanc/.m2/repository/net/minidev/accessors-smart/2.4.11/accessors-smart-2.4.11.jar:/Users/damianblanc/.m2/repository/org/ow2/asm/asm/9.3/asm-9.3.jar:/Users/damianblanc/.m2/repository/org/assertj/assertj-core/3.24.2/assertj-core-3.24.2.jar:/Users/damianblanc/.m2/repository/org/hamcrest/hamcrest/2.2/hamcrest-2.2.jar:/Users/damianblanc/.m2/repository/org/junit/jupiter/junit-jupiter/5.9.3/junit-jupiter-5.9.3.jar:/Users/damianblanc/.m2/repository/org/junit/jupiter/junit-jupiter-api/5.9.3/junit-jupiter-api-5.9.3.jar:/Users/damianblanc/.m2/repository/org/junit/jupiter/junit-jupiter-params/5.9.3/junit-jupiter-params-5.9.3.jar:/Users/damianblanc/.m2/repository/org/junit/jupiter/junit-jupiter-engine/5.9.3/junit-jupiter-engine-5.9.3.jar:/Users/damianblanc/.m2/repository/org/mockito/mockito-core/5.3.1/mockito-core-5.3.1.jar:/Users/damianblanc/.m2/repository/net/bytebuddy/byte-buddy-agent/1.14.6/byte-buddy-agent-1.14.6.jar:/Users/damianblanc/.m2/repository/org/objenesis/objenesis/3.3/objenesis-3.3.jar:/Users/damianblanc/.m2/repository/org/mockito/mockito-junit-jupiter/5.3.1/mockito-junit-jupiter-5.3.1.jar:/Users/damianblanc/.m2/repository/org/skyscreamer/jsonassert/1.5.1/jsonassert-1.5.1.jar:/Users/damianblanc/.m2/repository/com/vaadin/external/google/android-json/0.0.20131108.vaadin1/android-json-0.0.20131108.vaadin1.jar:/Users/damianblanc/.m2/repository/org/springframework/spring-core/6.0.11/spring-core-6.0.11.jar:/Users/damianblanc/.m2/repository/org/springframework/spring-jcl/6.0.11/spring-jcl-6.0.11.jar:/Users/damianblanc/.m2/repository/org/springframework/spring-test/6.0.11/spring-test-6.0.11.jar:/Users/damianblanc/.m2/repository/org/xmlunit/xmlunit-core/2.9.1/xmlunit-core-2.9.1.jar:/Users/damianblanc/.m2/repository/org/junit/vintage/junit-vintage-engine/5.10.0/junit-vintage-engine-5.10.0.jar:/Users/damianblanc/.m2/repository/org/junit/platform/junit-platform-engine/1.9.3/junit-platform-engine-1.9.3.jar:/Users/damianblanc/.m2/repository/org/opentest4j/opentest4j/1.2.0/opentest4j-1.2.0.jar:/Users/damianblanc/.m2/repository/org/junit/platform/junit-platform-commons/1.9.3/junit-platform-commons-1.9.3.jar:/Users/damianblanc/.m2/repository/org/apiguardian/apiguardian-api/1.1.2/apiguardian-api-1.1.2.jar:/Users/damianblanc/.m2/repository/junit/junit/4.13.2/junit-4.13.2.jar:/Users/damianblanc/.m2/repository/org/hamcrest/hamcrest-core/2.2/hamcrest-core-2.2.jar:/Users/damianblanc/.m2/repository/com/diffplug/guava/guava-core/19.0.0/guava-core-19.0.0.jar:/Users/damianblanc/.m2/repository/org/codehaus/mojo/animal-sniffer-annotations/1.14/animal-sniffer-annotations-1.14.jar:/Users/damianblanc/.m2/repository/com/google/j2objc/j2objc-annotations/0.1/j2objc-annotations-0.1.jar:/Users/damianblanc/.m2/repository/com/diffplug/guava/guava-collect/19.0.0/guava-collect-19.0.0.jar:/Users/damianblanc/.m2/repository/com/squareup/retrofit2/retrofit/2.7.2/retrofit-2.7.2.jar:/Users/damianblanc/.m2/repository/com/squareup/okhttp3/okhttp/4.10.0/okhttp-4.10.0.jar:/Users/damianblanc/.m2/repository/com/squareup/okio/okio-jvm/3.0.0/okio-jvm-3.0.0.jar:/Users/damianblanc/.m2/repository/org/jetbrains/kotlin/kotlin-stdlib-jdk8/1.8.22/kotlin-stdlib-jdk8-1.8.22.jar:/Users/damianblanc/.m2/repository/org/jetbrains/kotlin/kotlin-stdlib-jdk7/1.8.22/kotlin-stdlib-jdk7-1.8.22.jar:/Users/damianblanc/.m2/repository/org/jetbrains/kotlin/kotlin-stdlib-common/1.8.22/kotlin-stdlib-common-1.8.22.jar:/Users/damianblanc/.m2/repository/org/jetbrains/kotlin/kotlin-stdlib/1.8.22/kotlin-stdlib-1.8.22.jar:/Users/damianblanc/.m2/repository/org/jetbrains/annotations/13.0/annotations-13.0.jar:/Users/damianblanc/.m2/repository/com/squareup/retrofit2/converter-gson/2.7.2/converter-gson-2.7.2.jar:/Users/damianblanc/.m2/repository/com/google/code/gson/gson/2.10.1/gson-2.10.1.jar:"/>
    <property name="java.vm.vendor" value="Homebrew"/>
    <property name="sun.arch.data.model" value="64"/>
    <property name="java.vendor.url" value="https://github.com/Homebrew/homebrew-core/issues"/>
    <property name="user.timezone" value="America/Argentina/Buenos_Aires"/>
    <property name="org.jboss.logging.provider" value="slf4j"/>
    <property name="os.name" value="Mac OS X"/>
    <property name="java.vm.specification.version" value="20"/>
    <property name="sun.java.launcher" value="SUN_STANDARD"/>
    <property name="user.country" value="AR"/>
    <property name="sun.boot.library.path" value="/opt/homebrew/Cellar/openjdk/20.0.1/libexec/openjdk.jdk/Contents/Home/lib"/>
    <property name="sun.java.command" value="/Users/damianblanc/workspace/byma/calculate-regulation-disarrangement-no-security/target/surefire/surefirebooter-20230926160442923_3.jar /Users/damianblanc/workspace/byma/calculate-regulation-disarrangement-no-security/target/surefire 2023-09-26T16-04-42_880-jvmRun1 surefire-20230926160442923_1tmp surefire_0-20230926160442923_2tmp"/>
    <property name="http.nonProxyHosts" value="local|*.local|169.254/16|*.169.254/16"/>
    <property name="jdk.debug" value="release"/>
    <property name="surefire.test.class.path" value="/Users/damianblanc/workspace/byma/calculate-regulation-disarrangement-no-security/target/test-classes:/Users/damianblanc/workspace/byma/calculate-regulation-disarrangement-no-security/target/classes:/Users/damianblanc/.m2/repository/org/springframework/boot/spring-boot-starter-data-jpa/3.1.3/spring-boot-starter-data-jpa-3.1.3.jar:/Users/damianblanc/.m2/repository/org/springframework/boot/spring-boot-starter-aop/3.1.3/spring-boot-starter-aop-3.1.3.jar:/Users/damianblanc/.m2/repository/org/springframework/spring-aop/6.0.11/spring-aop-6.0.11.jar:/Users/damianblanc/.m2/repository/org/aspectj/aspectjweaver/1.9.20/aspectjweaver-1.9.20.jar:/Users/damianblanc/.m2/repository/org/springframework/boot/spring-boot-starter-jdbc/3.1.3/spring-boot-starter-jdbc-3.1.3.jar:/Users/damianblanc/.m2/repository/com/zaxxer/HikariCP/5.0.1/HikariCP-5.0.1.jar:/Users/damianblanc/.m2/repository/org/springframework/spring-jdbc/6.0.11/spring-jdbc-6.0.11.jar:/Users/damianblanc/.m2/repository/org/hibernate/orm/hibernate-core/6.2.7.Final/hibernate-core-6.2.7.Final.jar:/Users/damianblanc/.m2/repository/jakarta/persistence/jakarta.persistence-api/3.1.0/jakarta.persistence-api-3.1.0.jar:/Users/damianblanc/.m2/repository/jakarta/transaction/jakarta.transaction-api/2.0.1/jakarta.transaction-api-2.0.1.jar:/Users/damianblanc/.m2/repository/org/jboss/logging/jboss-logging/3.5.3.Final/jboss-logging-3.5.3.Final.jar:/Users/damianblanc/.m2/repository/org/hibernate/common/hibernate-commons-annotations/6.0.6.Final/hibernate-commons-annotations-6.0.6.Final.jar:/Users/damianblanc/.m2/repository/io/smallrye/jandex/3.0.5/jandex-3.0.5.jar:/Users/damianblanc/.m2/repository/com/fasterxml/classmate/1.5.1/classmate-1.5.1.jar:/Users/damianblanc/.m2/repository/net/bytebuddy/byte-buddy/1.14.6/byte-buddy-1.14.6.jar:/Users/damianblanc/.m2/repository/org/glassfish/jaxb/jaxb-runtime/4.0.3/jaxb-runtime-4.0.3.jar:/Users/damianblanc/.m2/repository/org/glassfish/jaxb/jaxb-core/4.0.3/jaxb-core-4.0.3.jar:/Users/damianblanc/.m2/repository/org/eclipse/angus/angus-activation/2.0.1/angus-activation-2.0.1.jar:/Users/damianblanc/.m2/repository/org/glassfish/jaxb/txw2/4.0.3/txw2-4.0.3.jar:/Users/damianblanc/.m2/repository/com/sun/istack/istack-commons-runtime/4.1.2/istack-commons-runtime-4.1.2.jar:/Users/damianblanc/.m2/repository/jakarta/inject/jakarta.inject-api/2.0.1/jakarta.inject-api-2.0.1.jar:/Users/damianblanc/.m2/repository/org/antlr/antlr4-runtime/4.10.1/antlr4-runtime-4.10.1.jar:/Users/damianblanc/.m2/repository/org/springframework/data/spring-data-jpa/3.1.3/spring-data-jpa-3.1.3.jar:/Users/damianblanc/.m2/repository/org/springframework/data/spring-data-commons/3.1.3/spring-data-commons-3.1.3.jar:/Users/damianblanc/.m2/repository/org/springframework/spring-orm/6.0.11/spring-orm-6.0.11.jar:/Users/damianblanc/.m2/repository/org/springframework/spring-context/6.0.11/spring-context-6.0.11.jar:/Users/damianblanc/.m2/repository/org/springframework/spring-tx/6.0.11/spring-tx-6.0.11.jar:/Users/damianblanc/.m2/repository/org/springframework/spring-beans/6.0.11/spring-beans-6.0.11.jar:/Users/damianblanc/.m2/repository/jakarta/annotation/jakarta.annotation-api/2.1.1/jakarta.annotation-api-2.1.1.jar:/Users/damianblanc/.m2/repository/org/slf4j/slf4j-api/2.0.7/slf4j-api-2.0.7.jar:/Users/damianblanc/.m2/repository/org/springframework/spring-aspects/6.0.11/spring-aspects-6.0.11.jar:/Users/damianblanc/.m2/repository/com/h2database/h2/2.1.214/h2-2.1.214.jar:/Users/damianblanc/.m2/repository/org/springframework/boot/spring-boot-starter-web/3.1.3/spring-boot-starter-web-3.1.3.jar:/Users/damianblanc/.m2/repository/org/springframework/boot/spring-boot-starter/3.1.3/spring-boot-starter-3.1.3.jar:/Users/damianblanc/.m2/repository/org/springframework/boot/spring-boot-starter-logging/3.1.3/spring-boot-starter-logging-3.1.3.jar:/Users/damianblanc/.m2/repository/ch/qos/logback/logback-classic/1.4.11/logback-classic-1.4.11.jar:/Users/damianblanc/.m2/repository/ch/qos/logback/logback-core/1.4.11/logback-core-1.4.11.jar:/Users/damianblanc/.m2/repository/org/apache/logging/log4j/log4j-to-slf4j/2.20.0/log4j-to-slf4j-2.20.0.jar:/Users/damianblanc/.m2/repository/org/apache/logging/log4j/log4j-api/2.20.0/log4j-api-2.20.0.jar:/Users/damianblanc/.m2/repository/org/slf4j/jul-to-slf4j/2.0.7/jul-to-slf4j-2.0.7.jar:/Users/damianblanc/.m2/repository/org/yaml/snakeyaml/1.33/snakeyaml-1.33.jar:/Users/damianblanc/.m2/repository/org/springframework/boot/spring-boot-starter-json/3.1.3/spring-boot-starter-json-3.1.3.jar:/Users/damianblanc/.m2/repository/com/fasterxml/jackson/core/jackson-databind/2.15.2/jackson-databind-2.15.2.jar:/Users/damianblanc/.m2/repository/com/fasterxml/jackson/core/jackson-annotations/2.15.2/jackson-annotations-2.15.2.jar:/Users/damianblanc/.m2/repository/com/fasterxml/jackson/core/jackson-core/2.15.2/jackson-core-2.15.2.jar:/Users/damianblanc/.m2/repository/com/fasterxml/jackson/datatype/jackson-datatype-jdk8/2.15.2/jackson-datatype-jdk8-2.15.2.jar:/Users/damianblanc/.m2/repository/com/fasterxml/jackson/datatype/jackson-datatype-jsr310/2.15.2/jackson-datatype-jsr310-2.15.2.jar:/Users/damianblanc/.m2/repository/com/fasterxml/jackson/module/jackson-module-parameter-names/2.15.2/jackson-module-parameter-names-2.15.2.jar:/Users/damianblanc/.m2/repository/org/springframework/boot/spring-boot-starter-tomcat/3.1.3/spring-boot-starter-tomcat-3.1.3.jar:/Users/damianblanc/.m2/repository/org/apache/tomcat/embed/tomcat-embed-core/10.1.12/tomcat-embed-core-10.1.12.jar:/Users/damianblanc/.m2/repository/org/apache/tomcat/embed/tomcat-embed-el/10.1.12/tomcat-embed-el-10.1.12.jar:/Users/damianblanc/.m2/repository/org/apache/tomcat/embed/tomcat-embed-websocket/10.1.12/tomcat-embed-websocket-10.1.12.jar:/Users/damianblanc/.m2/repository/org/springframework/spring-web/6.0.11/spring-web-6.0.11.jar:/Users/damianblanc/.m2/repository/io/micrometer/micrometer-observation/1.11.3/micrometer-observation-1.11.3.jar:/Users/damianblanc/.m2/repository/io/micrometer/micrometer-commons/1.11.3/micrometer-commons-1.11.3.jar:/Users/damianblanc/.m2/repository/org/springframework/spring-webmvc/6.0.11/spring-webmvc-6.0.11.jar:/Users/damianblanc/.m2/repository/org/springframework/spring-expression/6.0.11/spring-expression-6.0.11.jar:/Users/damianblanc/.m2/repository/org/springframework/boot/spring-boot-devtools/3.1.3/spring-boot-devtools-3.1.3.jar:/Users/damianblanc/.m2/repository/org/springframework/boot/spring-boot/3.1.3/spring-boot-3.1.3.jar:/Users/damianblanc/.m2/repository/org/springframework/boot/spring-boot-autoconfigure/3.1.3/spring-boot-autoconfigure-3.1.3.jar:/Users/damianblanc/.m2/repository/org/projectlombok/lombok/1.18.28/lombok-1.18.28.jar:/Users/damianblanc/.m2/repository/org/springframework/boot/spring-boot-starter-test/3.1.3/spring-boot-starter-test-3.1.3.jar:/Users/damianblanc/.m2/repository/org/springframework/boot/spring-boot-test/3.1.3/spring-boot-test-3.1.3.jar:/Users/damianblanc/.m2/repository/org/springframework/boot/spring-boot-test-autoconfigure/3.1.3/spring-boot-test-autoconfigure-3.1.3.jar:/Users/damianblanc/.m2/repository/com/jayway/jsonpath/json-path/2.8.0/json-path-2.8.0.jar:/Users/damianblanc/.m2/repository/jakarta/xml/bind/jakarta.xml.bind-api/4.0.0/jakarta.xml.bind-api-4.0.0.jar:/Users/damianblanc/.m2/repository/jakarta/activation/jakarta.activation-api/2.1.2/jakarta.activation-api-2.1.2.jar:/Users/damianblanc/.m2/repository/net/minidev/json-smart/2.4.11/json-smart-2.4.11.jar:/Users/damianblanc/.m2/repository/net/minidev/accessors-smart/2.4.11/accessors-smart-2.4.11.jar:/Users/damianblanc/.m2/repository/org/ow2/asm/asm/9.3/asm-9.3.jar:/Users/damianblanc/.m2/repository/org/assertj/assertj-core/3.24.2/assertj-core-3.24.2.jar:/Users/damianblanc/.m2/repository/org/hamcrest/hamcrest/2.2/hamcrest-2.2.jar:/Users/damianblanc/.m2/repository/org/junit/jupiter/junit-jupiter/5.9.3/junit-jupiter-5.9.3.jar:/Users/damianblanc/.m2/repository/org/junit/jupiter/junit-jupiter-api/5.9.3/junit-jupiter-api-5.9.3.jar:/Users/damianblanc/.m2/repository/org/junit/jupiter/junit-jupiter-params/5.9.3/junit-jupiter-params-5.9.3.jar:/Users/damianblanc/.m2/repository/org/junit/jupiter/junit-jupiter-engine/5.9.3/junit-jupiter-engine-5.9.3.jar:/Users/damianblanc/.m2/repository/org/mockito/mockito-core/5.3.1/mockito-core-5.3.1.jar:/Users/damianblanc/.m2/repository/net/bytebuddy/byte-buddy-agent/1.14.6/byte-buddy-agent-1.14.6.jar:/Users/damianblanc/.m2/repository/org/objenesis/objenesis/3.3/objenesis-3.3.jar:/Users/damianblanc/.m2/repository/org/mockito/mockito-junit-jupiter/5.3.1/mockito-junit-jupiter-5.3.1.jar:/Users/damianblanc/.m2/repository/org/skyscreamer/jsonassert/1.5.1/jsonassert-1.5.1.jar:/Users/damianblanc/.m2/repository/com/vaadin/external/google/android-json/0.0.20131108.vaadin1/android-json-0.0.20131108.vaadin1.jar:/Users/damianblanc/.m2/repository/org/springframework/spring-core/6.0.11/spring-core-6.0.11.jar:/Users/damianblanc/.m2/repository/org/springframework/spring-jcl/6.0.11/spring-jcl-6.0.11.jar:/Users/damianblanc/.m2/repository/org/springframework/spring-test/6.0.11/spring-test-6.0.11.jar:/Users/damianblanc/.m2/repository/org/xmlunit/xmlunit-core/2.9.1/xmlunit-core-2.9.1.jar:/Users/damianblanc/.m2/repository/org/junit/vintage/junit-vintage-engine/5.10.0/junit-vintage-engine-5.10.0.jar:/Users/damianblanc/.m2/repository/org/junit/platform/junit-platform-engine/1.9.3/junit-platform-engine-1.9.3.jar:/Users/damianblanc/.m2/repository/org/opentest4j/opentest4j/1.2.0/opentest4j-1.2.0.jar:/Users/damianblanc/.m2/repository/org/junit/platform/junit-platform-commons/1.9.3/junit-platform-commons-1.9.3.jar:/Users/damianblanc/.m2/repository/org/apiguardian/apiguardian-api/1.1.2/apiguardian-api-1.1.2.jar:/Users/damianblanc/.m2/repository/junit/junit/4.13.2/junit-4.13.2.jar:/Users/damianblanc/.m2/repository/org/hamcrest/hamcrest-core/2.2/hamcrest-core-2.2.jar:/Users/damianblanc/.m2/repository/com/diffplug/guava/guava-core/19.0.0/guava-core-19.0.0.jar:/Users/damianblanc/.m2/repository/org/codehaus/mojo/animal-sniffer-annotations/1.14/animal-sniffer-annotations-1.14.jar:/Users/damianblanc/.m2/repository/com/google/j2objc/j2objc-annotations/0.1/j2objc-annotations-0.1.jar:/Users/damianblanc/.m2/repository/com/diffplug/guava/guava-collect/19.0.0/guava-collect-19.0.0.jar:/Users/damianblanc/.m2/repository/com/squareup/retrofit2/retrofit/2.7.2/retrofit-2.7.2.jar:/Users/damianblanc/.m2/repository/com/squareup/okhttp3/okhttp/4.10.0/okhttp-4.10.0.jar:/Users/damianblanc/.m2/repository/com/squareup/okio/okio-jvm/3.0.0/okio-jvm-3.0.0.jar:/Users/damianblanc/.m2/repository/org/jetbrains/kotlin/kotlin-stdlib-jdk8/1.8.22/kotlin-stdlib-jdk8-1.8.22.jar:/Users/damianblanc/.m2/repository/org/jetbrains/kotlin/kotlin-stdlib-jdk7/1.8.22/kotlin-stdlib-jdk7-1.8.22.jar:/Users/damianblanc/.m2/repository/org/jetbrains/kotlin/kotlin-stdlib-common/1.8.22/kotlin-stdlib-common-1.8.22.jar:/Users/damianblanc/.m2/repository/org/jetbrains/kotlin/kotlin-stdlib/1.8.22/kotlin-stdlib-1.8.22.jar:/Users/damianblanc/.m2/repository/org/jetbrains/annotations/13.0/annotations-13.0.jar:/Users/damianblanc/.m2/repository/com/squareup/retrofit2/converter-gson/2.7.2/converter-gson-2.7.2.jar:/Users/damianblanc/.m2/repository/com/google/code/gson/gson/2.10.1/gson-2.10.1.jar:"/>
    <property name="sun.cpu.endian" value="little"/>
    <property name="user.home" value="/Users/damianblanc"/>
    <property name="user.language" value="en"/>
    <property name="java.specification.vendor" value="Oracle Corporation"/>
    <property name="java.version.date" value="2023-04-18"/>
    <property name="java.home" value="/opt/homebrew/Cellar/openjdk/20.0.1/libexec/openjdk.jdk/Contents/Home"/>
    <property name="file.separator" value="/"/>
    <property name="basedir" value="/Users/damianblanc/workspace/byma/calculate-regulation-disarrangement-no-security"/>
    <property name="java.vm.compressedOopsMode" value="Zero based"/>
    <property name="line.separator" value="&#10;"/>
    <property name="java.vm.specification.vendor" value="Oracle Corporation"/>
    <property name="java.specification.name" value="Java Platform API Specification"/>
    <property name="FILE_LOG_CHARSET" value="UTF-8"/>
    <property name="java.awt.headless" value="true"/>
    <property name="apple.awt.application.name" value="ForkedBooter"/>
    <property name="surefire.real.class.path" value="/Users/damianblanc/workspace/byma/calculate-regulation-disarrangement-no-security/target/surefire/surefirebooter-20230926160442923_3.jar"/>
    <property name="sun.management.compiler" value="HotSpot 64-Bit Tiered Compilers"/>
    <property name="ftp.nonProxyHosts" value="local|*.local|169.254/16|*.169.254/16"/>
    <property name="java.runtime.version" value="20.0.1"/>
    <property name="user.name" value="damianblanc"/>
    <property name="stdout.encoding" value="UTF-8"/>
    <property name="path.separator" value=":"/>
    <property name="os.version" value="13.4.1"/>
    <property name="java.runtime.name" value="OpenJDK Runtime Environment"/>
    <property name="file.encoding" value="UTF-8"/>
    <property name="java.vm.name" value="OpenJDK 64-Bit Server VM"/>
    <property name="java.vendor.version" value="Homebrew"/>
    <property name="localRepository" value="/Users/damianblanc/.m2/repository"/>
    <property name="java.vendor.url.bug" value="https://github.com/Homebrew/homebrew-core/issues"/>
    <property name="java.io.tmpdir" value="/var/folders/zr/c544v0b93v52x59v31q9181h0000gn/T/"/>
    <property name="com.zaxxer.hikari.pool_number" value="1"/>
    <property name="java.version" value="20.0.1"/>
    <property name="user.dir" value="/Users/damianblanc/workspace/byma/calculate-regulation-disarrangement-no-security"/>
    <property name="os.arch" value="aarch64"/>
    <property name="java.vm.specification.name" value="Java Virtual Machine Specification"/>
    <property name="PID" value="3968"/>
    <property name="CONSOLE_LOG_CHARSET" value="UTF-8"/>
    <property name="native.encoding" value="UTF-8"/>
    <property name="java.library.path" value="/Users/damianblanc/Library/Java/Extensions:/Library/Java/Extensions:/Network/Library/Java/Extensions:/System/Library/Java/Extensions:/usr/lib/java:."/>
    <property name="java.vm.info" value="mixed mode, sharing"/>
    <property name="stderr.encoding" value="UTF-8"/>
    <property name="java.vendor" value="Homebrew"/>
    <property name="java.vm.version" value="20.0.1"/>
    <property name="sun.io.unicode.encoding" value="UnicodeBig"/>
    <property name="socksNonProxyHosts" value="local|*.local|169.254/16|*.169.254/16"/>
    <property name="java.class.version" value="64.0"/>
  </properties>
  <testcase name="contextLoads" classname="com.bymatech.calculateregulationdisarrangement.CalculateRegulationDisarrangementApplicationTests" time="0.305">
    <system-out><![CDATA[16:04:43.303 [main] INFO org.springframework.test.context.support.AnnotationConfigContextLoaderUtils -- Could not detect default configuration classes for test class [com.bymatech.calculateregulationdisarrangement.CalculateRegulationDisarrangementApplicationTests]: CalculateRegulationDisarrangementApplicationTests does not declare any static, non-private, non-final, nested classes annotated with @Configuration.
16:04:43.349 [main] INFO org.springframework.boot.test.context.SpringBootTestContextBootstrapper -- Found @SpringBootConfiguration com.bymatech.calculateregulationdisarrangement.CalculateRegulationDisarrangementApplication for test class com.bymatech.calculateregulationdisarrangement.CalculateRegulationDisarrangementApplicationTests

  .   ____          _            __ _ _
 /\\ / ___'_ __ _ _(_)_ __  __ _ \ \ \ \
( ( )\___ | '_ | '_| | '_ \/ _` | \ \ \ \
 \\/  ___)| |_)| | | | | || (_| |  ) ) ) )
  '  |____| .__|_| |_|_| |_\__, | / / / /
 =========|_|==============|___/=/_/_/_/
 :: Spring Boot ::                (v3.1.3)

2023-09-26T16:04:43.536-03:00  INFO 3968 --- [           main] RegulationDisarrangementApplicationTests : Starting CalculateRegulationDisarrangementApplicationTests using Java 20.0.1 with PID 3968 (started by damianblanc in /Users/damianblanc/workspace/byma/calculate-regulation-disarrangement-no-security)
2023-09-26T16:04:43.537-03:00  INFO 3968 --- [           main] RegulationDisarrangementApplicationTests : No active profile set, falling back to 1 default profile: "default"
2023-09-26T16:04:43.812-03:00  INFO 3968 --- [           main] .s.d.r.c.RepositoryConfigurationDelegate : Bootstrapping Spring Data JPA repositories in DEFAULT mode.
2023-09-26T16:04:43.843-03:00  INFO 3968 --- [           main] .s.d.r.c.RepositoryConfigurationDelegate : Finished Spring Data repository scanning in 27 ms. Found 2 JPA repository interfaces.
2023-09-26T16:04:44.050-03:00  INFO 3968 --- [           main] o.hibernate.jpa.internal.util.LogHelper  : HHH000204: Processing PersistenceUnitInfo [name: default]
2023-09-26T16:04:44.085-03:00  INFO 3968 --- [           main] org.hibernate.Version                    : HHH000412: Hibernate ORM core version 6.2.7.Final
2023-09-26T16:04:44.087-03:00  INFO 3968 --- [           main] org.hibernate.cfg.Environment            : HHH000406: Using bytecode reflection optimizer
2023-09-26T16:04:44.146-03:00  INFO 3968 --- [           main] o.h.b.i.BytecodeProviderInitiator        : HHH000021: Bytecode provider name : bytebuddy
2023-09-26T16:04:44.202-03:00  INFO 3968 --- [           main] o.s.o.j.p.SpringPersistenceUnitInfo      : No LoadTimeWeaver setup: ignoring JPA class transformer
2023-09-26T16:04:44.210-03:00  INFO 3968 --- [           main] com.zaxxer.hikari.HikariDataSource       : HikariPool-1 - Starting...
2023-09-26T16:04:44.310-03:00  INFO 3968 --- [           main] com.zaxxer.hikari.pool.HikariPool        : HikariPool-1 - Added connection conn0: url=jdbc:h2:mem:testdb user=SA
2023-09-26T16:04:44.311-03:00  INFO 3968 --- [           main] com.zaxxer.hikari.HikariDataSource       : HikariPool-1 - Start completed.
2023-09-26T16:04:44.442-03:00  INFO 3968 --- [           main] o.h.b.i.BytecodeProviderInitiator        : HHH000021: Bytecode provider name : bytebuddy
2023-09-26T16:04:44.748-03:00  INFO 3968 --- [           main] o.h.e.t.j.p.i.JtaPlatformInitiator       : HHH000490: Using JtaPlatform implementation: [org.hibernate.engine.transaction.jta.platform.internal.NoJtaPlatform]
Hibernate: 
    create table advices (
        id uuid not null,
        advice varchar(255),
        owner varchar(255),
        registration_time timestamp(6),
        fci_regulation_id integer,
        primary key (id)
    )
Hibernate: 
    create table Disarrangements (
        id integer not null,
        disarrangementPercentage float(53),
        specieType tinyint check (specieType between 0 and 2),
        fciRegulation_id integer,
        retrieval_id integer,
        primary key (id)
    )
Hibernate: 
    create table FCIComposition (
        id integer not null,
        percentage float(53),
        specie_type varchar(255),
        primary key (id)
    )
Hibernate: 
    create table FCIRegulation (
        fci_regulation_id integer not null,
        NAME varchar(255),
        SYMBOL varchar(255),
        primary key (fci_regulation_id)
    )
Hibernate: 
    create table FCIRegulation_composition (
        FCIRegulation_fci_regulation_id integer not null,
        composition_id integer not null,
        primary key (FCIRegulation_fci_regulation_id, composition_id)
    )
Hibernate: 
    create table FCIRegulation_FCIPositionAdvices (
        FCIRegulation_fci_regulation_id integer not null,
        FCIPositionAdvices_id uuid not null
    )
Hibernate: 
    create table Retrievals (
        id integer not null,
        timestamp timestamp(6),
        primary key (id)
    )
Hibernate: 
    alter table if exists FCIRegulation_composition 
       drop constraint if exists UK_h8etl89at4c0un9lr7wplwnfh
Hibernate: 
    alter table if exists FCIRegulation_composition 
       add constraint UK_h8etl89at4c0un9lr7wplwnfh unique (composition_id)
Hibernate: 
    alter table if exists FCIRegulation_FCIPositionAdvices 
       drop constraint if exists UK_av9nf25x8dmstjhvfj4m2yo9f
Hibernate: 
    alter table if exists FCIRegulation_FCIPositionAdvices 
       add constraint UK_av9nf25x8dmstjhvfj4m2yo9f unique (FCIPositionAdvices_id)
Hibernate: 
    create sequence Disarrangements_SEQ start with 1 increment by 50
Hibernate: 
    create sequence FCIComposition_SEQ start with 1 increment by 50
Hibernate: 
    create sequence FCIRegulation_SEQ start with 1 increment by 50
Hibernate: 
    create sequence Retrievals_SEQ start with 1 increment by 50
Hibernate: 
    alter table if exists advices 
       add constraint FKqjan6u45g0orrxvn2s9j4k32x 
       foreign key (fci_regulation_id) 
       references FCIRegulation
Hibernate: 
    alter table if exists Disarrangements 
       add constraint FKqur8ue49oti8scus8bow2r29u 
       foreign key (fciRegulation_id) 
       references FCIRegulation
Hibernate: 
    alter table if exists Disarrangements 
       add constraint FKlfpht1hi16v44orc0e75bjrm3 
       foreign key (retrieval_id) 
       references Retrievals
Hibernate: 
    alter table if exists FCIRegulation_composition 
       add constraint FKh7cearv2a9kd047rt7jev1p76 
       foreign key (composition_id) 
       references FCIComposition
Hibernate: 
    alter table if exists FCIRegulation_composition 
       add constraint FK1a6ykdr36d1wcgciydsxiosr7 
       foreign key (FCIRegulation_fci_regulation_id) 
       references FCIRegulation
Hibernate: 
    alter table if exists FCIRegulation_FCIPositionAdvices 
       add constraint FKo4211mhdk7tla3g4cugc36832 
       foreign key (FCIPositionAdvices_id) 
       references advices
Hibernate: 
    alter table if exists FCIRegulation_FCIPositionAdvices 
       add constraint FKh68wlvjh0i0ab6iyyhcrhsu1n 
       foreign key (FCIRegulation_fci_regulation_id) 
       references FCIRegulation
2023-09-26T16:04:44.776-03:00  INFO 3968 --- [           main] j.LocalContainerEntityManagerFactoryBean : Initialized JPA EntityManagerFactory for persistence unit 'default'
2023-09-26T16:04:45.056-03:00  WARN 3968 --- [           main] JpaBaseConfiguration$JpaWebConfiguration : spring.jpa.open-in-view is enabled by default. Therefore, database queries may be performed during view rendering. Explicitly configure spring.jpa.open-in-view to disable this warning
2023-09-26T16:04:45.237-03:00  INFO 3968 --- [           main] RegulationDisarrangementApplicationTests : Started CalculateRegulationDisarrangementApplicationTests in 1.831 seconds (process running for 2.262)
Fixed Delay scheduler:: 2023-09-26 16:04:45.237
Hibernate: 
    select
        f1_0.fci_regulation_id,
        f1_0.NAME,
        f1_0.SYMBOL 
    from
        FCIRegulation f1_0 
    where
        f1_0.SYMBOL=?
Hibernate: 
    select
        next value for FCIRegulation_SEQ
Hibernate: 
    select
        next value for FCIComposition_SEQ
Hibernate: 
    select
        next value for FCIComposition_SEQ
Hibernate: 
    insert 
    into
        FCIRegulation
        (NAME,SYMBOL,fci_regulation_id) 
    values
        (?,?,?)
Hibernate: 
    insert 
    into
        FCIComposition
        (percentage,specie_type,id) 
    values
        (?,?,?)
Hibernate: 
    insert 
    into
        FCIComposition
        (percentage,specie_type,id) 
    values
        (?,?,?)
Hibernate: 
    insert 
    into
        FCIComposition
        (percentage,specie_type,id) 
    values
        (?,?,?)
Hibernate: 
    insert 
    into
        FCIRegulation_composition
        (FCIRegulation_fci_regulation_id,composition_id) 
    values
        (?,?)
Hibernate: 
    insert 
    into
        FCIRegulation_composition
        (FCIRegulation_fci_regulation_id,composition_id) 
    values
        (?,?)
Hibernate: 
    insert 
    into
        FCIRegulation_composition
        (FCIRegulation_fci_regulation_id,composition_id) 
    values
        (?,?)
]]></system-out>
  </testcase>
</testsuite>