<?xml version="1.0" encoding="UTF-8"?>
<testsuite xmlns:xsi="http://www.w3.org/2001/XMLSchema-instance" xsi:noNamespaceSchemaLocation="https://maven.apache.org/surefire/maven-surefire-plugin/xsd/surefire-test-report-3.0.xsd" version="3.0" name="com.bymatech.calculateregulationdisarrangement.CalculateFCIRegulationBiasApplicationTests" time="4.339" tests="1" errors="0" skipped="0" failures="0">
  <properties>
    <property name="java.specification.version" value="21"/>
    <property name="sun.jnu.encoding" value="UTF-8"/>
    <property name="java.class.path" value="/Users/damianblanc/workspace/byma/calculate-regulation-disarrangement/target/test-classes:/Users/damianblanc/workspace/byma/calculate-regulation-disarrangement/target/classes:/Users/damianblanc/.m2/repository/org/springframework/boot/spring-boot-starter-data-jpa/3.1.5/spring-boot-starter-data-jpa-3.1.5.jar:/Users/damianblanc/.m2/repository/org/springframework/boot/spring-boot-starter-aop/3.1.5/spring-boot-starter-aop-3.1.5.jar:/Users/damianblanc/.m2/repository/org/springframework/spring-aop/6.0.13/spring-aop-6.0.13.jar:/Users/damianblanc/.m2/repository/org/aspectj/aspectjweaver/1.9.20/aspectjweaver-1.9.20.jar:/Users/damianblanc/.m2/repository/org/springframework/boot/spring-boot-starter-jdbc/3.1.5/spring-boot-starter-jdbc-3.1.5.jar:/Users/damianblanc/.m2/repository/com/zaxxer/HikariCP/5.0.1/HikariCP-5.0.1.jar:/Users/damianblanc/.m2/repository/org/springframework/spring-jdbc/6.0.13/spring-jdbc-6.0.13.jar:/Users/damianblanc/.m2/repository/org/hibernate/orm/hibernate-core/6.2.13.Final/hibernate-core-6.2.13.Final.jar:/Users/damianblanc/.m2/repository/jakarta/persistence/jakarta.persistence-api/3.1.0/jakarta.persistence-api-3.1.0.jar:/Users/damianblanc/.m2/repository/jakarta/transaction/jakarta.transaction-api/2.0.1/jakarta.transaction-api-2.0.1.jar:/Users/damianblanc/.m2/repository/org/jboss/logging/jboss-logging/3.5.3.Final/jboss-logging-3.5.3.Final.jar:/Users/damianblanc/.m2/repository/org/hibernate/common/hibernate-commons-annotations/6.0.6.Final/hibernate-commons-annotations-6.0.6.Final.jar:/Users/damianblanc/.m2/repository/io/smallrye/jandex/3.0.5/jandex-3.0.5.jar:/Users/damianblanc/.m2/repository/com/fasterxml/classmate/1.5.1/classmate-1.5.1.jar:/Users/damianblanc/.m2/repository/net/bytebuddy/byte-buddy/1.14.9/byte-buddy-1.14.9.jar:/Users/damianblanc/.m2/repository/org/glassfish/jaxb/jaxb-runtime/4.0.3/jaxb-runtime-4.0.3.jar:/Users/damianblanc/.m2/repository/org/glassfish/jaxb/jaxb-core/4.0.3/jaxb-core-4.0.3.jar:/Users/damianblanc/.m2/repository/org/eclipse/angus/angus-activation/2.0.1/angus-activation-2.0.1.jar:/Users/damianblanc/.m2/repository/org/glassfish/jaxb/txw2/4.0.3/txw2-4.0.3.jar:/Users/damianblanc/.m2/repository/com/sun/istack/istack-commons-runtime/4.1.2/istack-commons-runtime-4.1.2.jar:/Users/damianblanc/.m2/repository/jakarta/inject/jakarta.inject-api/2.0.1/jakarta.inject-api-2.0.1.jar:/Users/damianblanc/.m2/repository/org/antlr/antlr4-runtime/4.10.1/antlr4-runtime-4.10.1.jar:/Users/damianblanc/.m2/repository/org/springframework/data/spring-data-jpa/3.1.5/spring-data-jpa-3.1.5.jar:/Users/damianblanc/.m2/repository/org/springframework/data/spring-data-commons/3.1.5/spring-data-commons-3.1.5.jar:/Users/damianblanc/.m2/repository/org/springframework/spring-orm/6.0.13/spring-orm-6.0.13.jar:/Users/damianblanc/.m2/repository/org/springframework/spring-context/6.0.13/spring-context-6.0.13.jar:/Users/damianblanc/.m2/repository/org/springframework/spring-tx/6.0.13/spring-tx-6.0.13.jar:/Users/damianblanc/.m2/repository/org/springframework/spring-beans/6.0.13/spring-beans-6.0.13.jar:/Users/damianblanc/.m2/repository/jakarta/annotation/jakarta.annotation-api/2.1.1/jakarta.annotation-api-2.1.1.jar:/Users/damianblanc/.m2/repository/org/slf4j/slf4j-api/2.0.9/slf4j-api-2.0.9.jar:/Users/damianblanc/.m2/repository/org/springframework/spring-aspects/6.0.13/spring-aspects-6.0.13.jar:/Users/damianblanc/.m2/repository/com/h2database/h2/2.1.214/h2-2.1.214.jar:/Users/damianblanc/.m2/repository/org/springframework/boot/spring-boot-starter-web/3.1.5/spring-boot-starter-web-3.1.5.jar:/Users/damianblanc/.m2/repository/org/springframework/boot/spring-boot-starter/3.1.5/spring-boot-starter-3.1.5.jar:/Users/damianblanc/.m2/repository/org/springframework/boot/spring-boot-starter-logging/3.1.5/spring-boot-starter-logging-3.1.5.jar:/Users/damianblanc/.m2/repository/ch/qos/logback/logback-classic/1.4.11/logback-classic-1.4.11.jar:/Users/damianblanc/.m2/repository/ch/qos/logback/logback-core/1.4.11/logback-core-1.4.11.jar:/Users/damianblanc/.m2/repository/org/apache/logging/log4j/log4j-to-slf4j/2.20.0/log4j-to-slf4j-2.20.0.jar:/Users/damianblanc/.m2/repository/org/apache/logging/log4j/log4j-api/2.20.0/log4j-api-2.20.0.jar:/Users/damianblanc/.m2/repository/org/slf4j/jul-to-slf4j/2.0.9/jul-to-slf4j-2.0.9.jar:/Users/damianblanc/.m2/repository/org/yaml/snakeyaml/1.33/snakeyaml-1.33.jar:/Users/damianblanc/.m2/repository/org/springframework/boot/spring-boot-starter-json/3.1.5/spring-boot-starter-json-3.1.5.jar:/Users/damianblanc/.m2/repository/com/fasterxml/jackson/datatype/jackson-datatype-jdk8/2.15.3/jackson-datatype-jdk8-2.15.3.jar:/Users/damianblanc/.m2/repository/com/fasterxml/jackson/datatype/jackson-datatype-jsr310/2.15.3/jackson-datatype-jsr310-2.15.3.jar:/Users/damianblanc/.m2/repository/com/fasterxml/jackson/module/jackson-module-parameter-names/2.15.3/jackson-module-parameter-names-2.15.3.jar:/Users/damianblanc/.m2/repository/org/springframework/boot/spring-boot-starter-tomcat/3.1.5/spring-boot-starter-tomcat-3.1.5.jar:/Users/damianblanc/.m2/repository/org/apache/tomcat/embed/tomcat-embed-core/10.1.15/tomcat-embed-core-10.1.15.jar:/Users/damianblanc/.m2/repository/org/apache/tomcat/embed/tomcat-embed-el/10.1.15/tomcat-embed-el-10.1.15.jar:/Users/damianblanc/.m2/repository/org/apache/tomcat/embed/tomcat-embed-websocket/10.1.15/tomcat-embed-websocket-10.1.15.jar:/Users/damianblanc/.m2/repository/org/springframework/spring-web/6.0.13/spring-web-6.0.13.jar:/Users/damianblanc/.m2/repository/org/springframework/spring-webmvc/6.0.13/spring-webmvc-6.0.13.jar:/Users/damianblanc/.m2/repository/org/springframework/spring-expression/6.0.13/spring-expression-6.0.13.jar:/Users/damianblanc/.m2/repository/org/springframework/boot/spring-boot-devtools/3.1.5/spring-boot-devtools-3.1.5.jar:/Users/damianblanc/.m2/repository/org/springframework/boot/spring-boot/3.1.5/spring-boot-3.1.5.jar:/Users/damianblanc/.m2/repository/org/springframework/boot/spring-boot-autoconfigure/3.1.5/spring-boot-autoconfigure-3.1.5.jar:/Users/damianblanc/.m2/repository/org/projectlombok/lombok/1.18.30/lombok-1.18.30.jar:/Users/damianblanc/.m2/repository/org/springframework/boot/spring-boot-starter-test/3.1.5/spring-boot-starter-test-3.1.5.jar:/Users/damianblanc/.m2/repository/org/springframework/boot/spring-boot-test/3.1.5/spring-boot-test-3.1.5.jar:/Users/damianblanc/.m2/repository/org/springframework/boot/spring-boot-test-autoconfigure/3.1.5/spring-boot-test-autoconfigure-3.1.5.jar:/Users/damianblanc/.m2/repository/com/jayway/jsonpath/json-path/2.8.0/json-path-2.8.0.jar:/Users/damianblanc/.m2/repository/jakarta/xml/bind/jakarta.xml.bind-api/4.0.1/jakarta.xml.bind-api-4.0.1.jar:/Users/damianblanc/.m2/repository/jakarta/activation/jakarta.activation-api/2.1.2/jakarta.activation-api-2.1.2.jar:/Users/damianblanc/.m2/repository/net/minidev/json-smart/2.4.11/json-smart-2.4.11.jar:/Users/damianblanc/.m2/repository/net/minidev/accessors-smart/2.4.11/accessors-smart-2.4.11.jar:/Users/damianblanc/.m2/repository/org/ow2/asm/asm/9.3/asm-9.3.jar:/Users/damianblanc/.m2/repository/org/assertj/assertj-core/3.24.2/assertj-core-3.24.2.jar:/Users/damianblanc/.m2/repository/org/hamcrest/hamcrest/2.2/hamcrest-2.2.jar:/Users/damianblanc/.m2/repository/org/junit/jupiter/junit-jupiter/5.9.3/junit-jupiter-5.9.3.jar:/Users/damianblanc/.m2/repository/org/junit/jupiter/junit-jupiter-api/5.9.3/junit-jupiter-api-5.9.3.jar:/Users/damianblanc/.m2/repository/org/junit/jupiter/junit-jupiter-params/5.9.3/junit-jupiter-params-5.9.3.jar:/Users/damianblanc/.m2/repository/org/junit/jupiter/junit-jupiter-engine/5.9.3/junit-jupiter-engine-5.9.3.jar:/Users/damianblanc/.m2/repository/org/mockito/mockito-core/5.3.1/mockito-core-5.3.1.jar:/Users/damianblanc/.m2/repository/net/bytebuddy/byte-buddy-agent/1.14.9/byte-buddy-agent-1.14.9.jar:/Users/damianblanc/.m2/repository/org/objenesis/objenesis/3.3/objenesis-3.3.jar:/Users/damianblanc/.m2/repository/org/mockito/mockito-junit-jupiter/5.3.1/mockito-junit-jupiter-5.3.1.jar:/Users/damianblanc/.m2/repository/org/skyscreamer/jsonassert/1.5.1/jsonassert-1.5.1.jar:/Users/damianblanc/.m2/repository/com/vaadin/external/google/android-json/0.0.20131108.vaadin1/android-json-0.0.20131108.vaadin1.jar:/Users/damianblanc/.m2/repository/org/springframework/spring-core/6.0.13/spring-core-6.0.13.jar:/Users/damianblanc/.m2/repository/org/springframework/spring-jcl/6.0.13/spring-jcl-6.0.13.jar:/Users/damianblanc/.m2/repository/org/springframework/spring-test/6.0.13/spring-test-6.0.13.jar:/Users/damianblanc/.m2/repository/org/xmlunit/xmlunit-core/2.9.1/xmlunit-core-2.9.1.jar:/Users/damianblanc/.m2/repository/org/junit/vintage/junit-vintage-engine/5.10.0/junit-vintage-engine-5.10.0.jar:/Users/damianblanc/.m2/repository/org/junit/platform/junit-platform-engine/1.9.3/junit-platform-engine-1.9.3.jar:/Users/damianblanc/.m2/repository/org/opentest4j/opentest4j/1.2.0/opentest4j-1.2.0.jar:/Users/damianblanc/.m2/repository/org/junit/platform/junit-platform-commons/1.9.3/junit-platform-commons-1.9.3.jar:/Users/damianblanc/.m2/repository/org/apiguardian/apiguardian-api/1.1.2/apiguardian-api-1.1.2.jar:/Users/damianblanc/.m2/repository/junit/junit/4.13.2/junit-4.13.2.jar:/Users/damianblanc/.m2/repository/org/hamcrest/hamcrest-core/2.2/hamcrest-core-2.2.jar:/Users/damianblanc/.m2/repository/com/diffplug/guava/guava-core/19.0.0/guava-core-19.0.0.jar:/Users/damianblanc/.m2/repository/org/codehaus/mojo/animal-sniffer-annotations/1.14/animal-sniffer-annotations-1.14.jar:/Users/damianblanc/.m2/repository/com/google/j2objc/j2objc-annotations/0.1/j2objc-annotations-0.1.jar:/Users/damianblanc/.m2/repository/com/diffplug/guava/guava-collect/19.0.0/guava-collect-19.0.0.jar:/Users/damianblanc/.m2/repository/com/squareup/retrofit2/retrofit/2.7.2/retrofit-2.7.2.jar:/Users/damianblanc/.m2/repository/com/squareup/okhttp3/okhttp/4.10.0/okhttp-4.10.0.jar:/Users/damianblanc/.m2/repository/com/squareup/okio/okio-jvm/3.0.0/okio-jvm-3.0.0.jar:/Users/damianblanc/.m2/repository/org/jetbrains/kotlin/kotlin-stdlib-jdk8/1.8.22/kotlin-stdlib-jdk8-1.8.22.jar:/Users/damianblanc/.m2/repository/org/jetbrains/kotlin/kotlin-stdlib-jdk7/1.8.22/kotlin-stdlib-jdk7-1.8.22.jar:/Users/damianblanc/.m2/repository/org/jetbrains/kotlin/kotlin-stdlib-common/1.8.22/kotlin-stdlib-common-1.8.22.jar:/Users/damianblanc/.m2/repository/org/jetbrains/kotlin/kotlin-stdlib/1.8.22/kotlin-stdlib-1.8.22.jar:/Users/damianblanc/.m2/repository/org/jetbrains/annotations/13.0/annotations-13.0.jar:/Users/damianblanc/.m2/repository/com/squareup/retrofit2/converter-gson/2.7.2/converter-gson-2.7.2.jar:/Users/damianblanc/.m2/repository/com/google/code/gson/gson/2.10.1/gson-2.10.1.jar:/Users/damianblanc/.m2/repository/org/springdoc/springdoc-openapi-starter-webmvc-ui/2.1.0/springdoc-openapi-starter-webmvc-ui-2.1.0.jar:/Users/damianblanc/.m2/repository/org/springdoc/springdoc-openapi-starter-webmvc-api/2.1.0/springdoc-openapi-starter-webmvc-api-2.1.0.jar:/Users/damianblanc/.m2/repository/org/springdoc/springdoc-openapi-starter-common/2.1.0/springdoc-openapi-starter-common-2.1.0.jar:/Users/damianblanc/.m2/repository/io/swagger/core/v3/swagger-core-jakarta/2.2.9/swagger-core-jakarta-2.2.9.jar:/Users/damianblanc/.m2/repository/org/apache/commons/commons-lang3/3.12.0/commons-lang3-3.12.0.jar:/Users/damianblanc/.m2/repository/io/swagger/core/v3/swagger-annotations-jakarta/2.2.9/swagger-annotations-jakarta-2.2.9.jar:/Users/damianblanc/.m2/repository/io/swagger/core/v3/swagger-models-jakarta/2.2.9/swagger-models-jakarta-2.2.9.jar:/Users/damianblanc/.m2/repository/jakarta/validation/jakarta.validation-api/3.0.2/jakarta.validation-api-3.0.2.jar:/Users/damianblanc/.m2/repository/com/fasterxml/jackson/dataformat/jackson-dataformat-yaml/2.15.3/jackson-dataformat-yaml-2.15.3.jar:/Users/damianblanc/.m2/repository/org/webjars/swagger-ui/4.18.2/swagger-ui-4.18.2.jar:/Users/damianblanc/.m2/repository/com/mysql/mysql-connector-j/8.0.33/mysql-connector-j-8.0.33.jar:/Users/damianblanc/.m2/repository/org/springframework/boot/spring-boot-starter-actuator/3.1.5/spring-boot-starter-actuator-3.1.5.jar:/Users/damianblanc/.m2/repository/org/springframework/boot/spring-boot-actuator-autoconfigure/3.1.5/spring-boot-actuator-autoconfigure-3.1.5.jar:/Users/damianblanc/.m2/repository/org/springframework/boot/spring-boot-actuator/3.1.5/spring-boot-actuator-3.1.5.jar:/Users/damianblanc/.m2/repository/io/micrometer/micrometer-observation/1.11.5/micrometer-observation-1.11.5.jar:/Users/damianblanc/.m2/repository/io/micrometer/micrometer-commons/1.11.5/micrometer-commons-1.11.5.jar:/Users/damianblanc/.m2/repository/io/micrometer/micrometer-core/1.11.5/micrometer-core-1.11.5.jar:/Users/damianblanc/.m2/repository/org/hdrhistogram/HdrHistogram/2.1.12/HdrHistogram-2.1.12.jar:/Users/damianblanc/.m2/repository/org/latencyutils/LatencyUtils/2.0.3/LatencyUtils-2.0.3.jar:/Users/damianblanc/.m2/repository/org/springframework/cloud/spring-cloud-starter/4.0.4/spring-cloud-starter-4.0.4.jar:/Users/damianblanc/.m2/repository/org/springframework/cloud/spring-cloud-context/4.0.4/spring-cloud-context-4.0.4.jar:/Users/damianblanc/.m2/repository/org/springframework/security/spring-security-crypto/6.1.5/spring-security-crypto-6.1.5.jar:/Users/damianblanc/.m2/repository/org/springframework/cloud/spring-cloud-commons/4.0.4/spring-cloud-commons-4.0.4.jar:/Users/damianblanc/.m2/repository/org/springframework/security/spring-security-rsa/1.0.12.RELEASE/spring-security-rsa-1.0.12.RELEASE.jar:/Users/damianblanc/.m2/repository/org/bouncycastle/bcpkix-jdk18on/1.73/bcpkix-jdk18on-1.73.jar:/Users/damianblanc/.m2/repository/org/bouncycastle/bcprov-jdk18on/1.73/bcprov-jdk18on-1.73.jar:/Users/damianblanc/.m2/repository/org/bouncycastle/bcutil-jdk18on/1.73/bcutil-jdk18on-1.73.jar:/Users/damianblanc/.m2/repository/org/springframework/cloud/spring-cloud-starter-bootstrap/4.0.2/spring-cloud-starter-bootstrap-4.0.2.jar:/Users/damianblanc/.m2/repository/org/springframework/cloud/spring-cloud-starter-config/4.0.2/spring-cloud-starter-config-4.0.2.jar:/Users/damianblanc/.m2/repository/org/springframework/cloud/spring-cloud-config-client/4.0.4/spring-cloud-config-client-4.0.4.jar:/Users/damianblanc/.m2/repository/com/fasterxml/jackson/core/jackson-annotations/2.15.3/jackson-annotations-2.15.3.jar:/Users/damianblanc/.m2/repository/org/apache/httpcomponents/client5/httpclient5/5.2.1/httpclient5-5.2.1.jar:/Users/damianblanc/.m2/repository/org/apache/httpcomponents/core5/httpcore5/5.2.3/httpcore5-5.2.3.jar:/Users/damianblanc/.m2/repository/org/apache/httpcomponents/core5/httpcore5-h2/5.2.3/httpcore5-h2-5.2.3.jar:/Users/damianblanc/.m2/repository/com/fasterxml/jackson/core/jackson-databind/2.15.3/jackson-databind-2.15.3.jar:/Users/damianblanc/.m2/repository/com/fasterxml/jackson/core/jackson-core/2.15.3/jackson-core-2.15.3.jar:/Users/damianblanc/.m2/repository/org/apache/tomcat/servlet-api/6.0.51/servlet-api-6.0.51.jar:/Users/damianblanc/.m2/repository/io/jsonwebtoken/jjwt/0.12.5/jjwt-0.12.5.jar:/Users/damianblanc/.m2/repository/io/jsonwebtoken/jjwt-api/0.12.5/jjwt-api-0.12.5.jar:/Users/damianblanc/.m2/repository/io/jsonwebtoken/jjwt-impl/0.12.5/jjwt-impl-0.12.5.jar:/Users/damianblanc/.m2/repository/io/jsonwebtoken/jjwt-jackson/0.12.5/jjwt-jackson-0.12.5.jar:"/>
    <property name="java.vm.vendor" value="Homebrew"/>
    <property name="sun.arch.data.model" value="64"/>
    <property name="java.vendor.url" value="https://github.com/Homebrew/homebrew-core/issues"/>
    <property name="user.timezone" value="America/Argentina/Buenos_Aires"/>
    <property name="org.jboss.logging.provider" value="slf4j"/>
    <property name="os.name" value="Mac OS X"/>
    <property name="java.vm.specification.version" value="21"/>
    <property name="sun.java.launcher" value="SUN_STANDARD"/>
    <property name="user.country" value="AR"/>
    <property name="sun.boot.library.path" value="/opt/homebrew/Cellar/openjdk/21.0.3/libexec/openjdk.jdk/Contents/Home/lib"/>
    <property name="sun.java.command" value="/Users/damianblanc/workspace/byma/calculate-regulation-disarrangement/target/surefire/surefirebooter-20240613095441849_3.jar /Users/damianblanc/workspace/byma/calculate-regulation-disarrangement/target/surefire 2024-06-13T09-54-41_790-jvmRun1 surefire-20240613095441849_1tmp surefire_0-20240613095441849_2tmp"/>
    <property name="http.nonProxyHosts" value="local|*.local|169.254/16|*.169.254/16"/>
    <property name="jdk.debug" value="release"/>
    <property name="surefire.test.class.path" value="/Users/damianblanc/workspace/byma/calculate-regulation-disarrangement/target/test-classes:/Users/damianblanc/workspace/byma/calculate-regulation-disarrangement/target/classes:/Users/damianblanc/.m2/repository/org/springframework/boot/spring-boot-starter-data-jpa/3.1.5/spring-boot-starter-data-jpa-3.1.5.jar:/Users/damianblanc/.m2/repository/org/springframework/boot/spring-boot-starter-aop/3.1.5/spring-boot-starter-aop-3.1.5.jar:/Users/damianblanc/.m2/repository/org/springframework/spring-aop/6.0.13/spring-aop-6.0.13.jar:/Users/damianblanc/.m2/repository/org/aspectj/aspectjweaver/1.9.20/aspectjweaver-1.9.20.jar:/Users/damianblanc/.m2/repository/org/springframework/boot/spring-boot-starter-jdbc/3.1.5/spring-boot-starter-jdbc-3.1.5.jar:/Users/damianblanc/.m2/repository/com/zaxxer/HikariCP/5.0.1/HikariCP-5.0.1.jar:/Users/damianblanc/.m2/repository/org/springframework/spring-jdbc/6.0.13/spring-jdbc-6.0.13.jar:/Users/damianblanc/.m2/repository/org/hibernate/orm/hibernate-core/6.2.13.Final/hibernate-core-6.2.13.Final.jar:/Users/damianblanc/.m2/repository/jakarta/persistence/jakarta.persistence-api/3.1.0/jakarta.persistence-api-3.1.0.jar:/Users/damianblanc/.m2/repository/jakarta/transaction/jakarta.transaction-api/2.0.1/jakarta.transaction-api-2.0.1.jar:/Users/damianblanc/.m2/repository/org/jboss/logging/jboss-logging/3.5.3.Final/jboss-logging-3.5.3.Final.jar:/Users/damianblanc/.m2/repository/org/hibernate/common/hibernate-commons-annotations/6.0.6.Final/hibernate-commons-annotations-6.0.6.Final.jar:/Users/damianblanc/.m2/repository/io/smallrye/jandex/3.0.5/jandex-3.0.5.jar:/Users/damianblanc/.m2/repository/com/fasterxml/classmate/1.5.1/classmate-1.5.1.jar:/Users/damianblanc/.m2/repository/net/bytebuddy/byte-buddy/1.14.9/byte-buddy-1.14.9.jar:/Users/damianblanc/.m2/repository/org/glassfish/jaxb/jaxb-runtime/4.0.3/jaxb-runtime-4.0.3.jar:/Users/damianblanc/.m2/repository/org/glassfish/jaxb/jaxb-core/4.0.3/jaxb-core-4.0.3.jar:/Users/damianblanc/.m2/repository/org/eclipse/angus/angus-activation/2.0.1/angus-activation-2.0.1.jar:/Users/damianblanc/.m2/repository/org/glassfish/jaxb/txw2/4.0.3/txw2-4.0.3.jar:/Users/damianblanc/.m2/repository/com/sun/istack/istack-commons-runtime/4.1.2/istack-commons-runtime-4.1.2.jar:/Users/damianblanc/.m2/repository/jakarta/inject/jakarta.inject-api/2.0.1/jakarta.inject-api-2.0.1.jar:/Users/damianblanc/.m2/repository/org/antlr/antlr4-runtime/4.10.1/antlr4-runtime-4.10.1.jar:/Users/damianblanc/.m2/repository/org/springframework/data/spring-data-jpa/3.1.5/spring-data-jpa-3.1.5.jar:/Users/damianblanc/.m2/repository/org/springframework/data/spring-data-commons/3.1.5/spring-data-commons-3.1.5.jar:/Users/damianblanc/.m2/repository/org/springframework/spring-orm/6.0.13/spring-orm-6.0.13.jar:/Users/damianblanc/.m2/repository/org/springframework/spring-context/6.0.13/spring-context-6.0.13.jar:/Users/damianblanc/.m2/repository/org/springframework/spring-tx/6.0.13/spring-tx-6.0.13.jar:/Users/damianblanc/.m2/repository/org/springframework/spring-beans/6.0.13/spring-beans-6.0.13.jar:/Users/damianblanc/.m2/repository/jakarta/annotation/jakarta.annotation-api/2.1.1/jakarta.annotation-api-2.1.1.jar:/Users/damianblanc/.m2/repository/org/slf4j/slf4j-api/2.0.9/slf4j-api-2.0.9.jar:/Users/damianblanc/.m2/repository/org/springframework/spring-aspects/6.0.13/spring-aspects-6.0.13.jar:/Users/damianblanc/.m2/repository/com/h2database/h2/2.1.214/h2-2.1.214.jar:/Users/damianblanc/.m2/repository/org/springframework/boot/spring-boot-starter-web/3.1.5/spring-boot-starter-web-3.1.5.jar:/Users/damianblanc/.m2/repository/org/springframework/boot/spring-boot-starter/3.1.5/spring-boot-starter-3.1.5.jar:/Users/damianblanc/.m2/repository/org/springframework/boot/spring-boot-starter-logging/3.1.5/spring-boot-starter-logging-3.1.5.jar:/Users/damianblanc/.m2/repository/ch/qos/logback/logback-classic/1.4.11/logback-classic-1.4.11.jar:/Users/damianblanc/.m2/repository/ch/qos/logback/logback-core/1.4.11/logback-core-1.4.11.jar:/Users/damianblanc/.m2/repository/org/apache/logging/log4j/log4j-to-slf4j/2.20.0/log4j-to-slf4j-2.20.0.jar:/Users/damianblanc/.m2/repository/org/apache/logging/log4j/log4j-api/2.20.0/log4j-api-2.20.0.jar:/Users/damianblanc/.m2/repository/org/slf4j/jul-to-slf4j/2.0.9/jul-to-slf4j-2.0.9.jar:/Users/damianblanc/.m2/repository/org/yaml/snakeyaml/1.33/snakeyaml-1.33.jar:/Users/damianblanc/.m2/repository/org/springframework/boot/spring-boot-starter-json/3.1.5/spring-boot-starter-json-3.1.5.jar:/Users/damianblanc/.m2/repository/com/fasterxml/jackson/datatype/jackson-datatype-jdk8/2.15.3/jackson-datatype-jdk8-2.15.3.jar:/Users/damianblanc/.m2/repository/com/fasterxml/jackson/datatype/jackson-datatype-jsr310/2.15.3/jackson-datatype-jsr310-2.15.3.jar:/Users/damianblanc/.m2/repository/com/fasterxml/jackson/module/jackson-module-parameter-names/2.15.3/jackson-module-parameter-names-2.15.3.jar:/Users/damianblanc/.m2/repository/org/springframework/boot/spring-boot-starter-tomcat/3.1.5/spring-boot-starter-tomcat-3.1.5.jar:/Users/damianblanc/.m2/repository/org/apache/tomcat/embed/tomcat-embed-core/10.1.15/tomcat-embed-core-10.1.15.jar:/Users/damianblanc/.m2/repository/org/apache/tomcat/embed/tomcat-embed-el/10.1.15/tomcat-embed-el-10.1.15.jar:/Users/damianblanc/.m2/repository/org/apache/tomcat/embed/tomcat-embed-websocket/10.1.15/tomcat-embed-websocket-10.1.15.jar:/Users/damianblanc/.m2/repository/org/springframework/spring-web/6.0.13/spring-web-6.0.13.jar:/Users/damianblanc/.m2/repository/org/springframework/spring-webmvc/6.0.13/spring-webmvc-6.0.13.jar:/Users/damianblanc/.m2/repository/org/springframework/spring-expression/6.0.13/spring-expression-6.0.13.jar:/Users/damianblanc/.m2/repository/org/springframework/boot/spring-boot-devtools/3.1.5/spring-boot-devtools-3.1.5.jar:/Users/damianblanc/.m2/repository/org/springframework/boot/spring-boot/3.1.5/spring-boot-3.1.5.jar:/Users/damianblanc/.m2/repository/org/springframework/boot/spring-boot-autoconfigure/3.1.5/spring-boot-autoconfigure-3.1.5.jar:/Users/damianblanc/.m2/repository/org/projectlombok/lombok/1.18.30/lombok-1.18.30.jar:/Users/damianblanc/.m2/repository/org/springframework/boot/spring-boot-starter-test/3.1.5/spring-boot-starter-test-3.1.5.jar:/Users/damianblanc/.m2/repository/org/springframework/boot/spring-boot-test/3.1.5/spring-boot-test-3.1.5.jar:/Users/damianblanc/.m2/repository/org/springframework/boot/spring-boot-test-autoconfigure/3.1.5/spring-boot-test-autoconfigure-3.1.5.jar:/Users/damianblanc/.m2/repository/com/jayway/jsonpath/json-path/2.8.0/json-path-2.8.0.jar:/Users/damianblanc/.m2/repository/jakarta/xml/bind/jakarta.xml.bind-api/4.0.1/jakarta.xml.bind-api-4.0.1.jar:/Users/damianblanc/.m2/repository/jakarta/activation/jakarta.activation-api/2.1.2/jakarta.activation-api-2.1.2.jar:/Users/damianblanc/.m2/repository/net/minidev/json-smart/2.4.11/json-smart-2.4.11.jar:/Users/damianblanc/.m2/repository/net/minidev/accessors-smart/2.4.11/accessors-smart-2.4.11.jar:/Users/damianblanc/.m2/repository/org/ow2/asm/asm/9.3/asm-9.3.jar:/Users/damianblanc/.m2/repository/org/assertj/assertj-core/3.24.2/assertj-core-3.24.2.jar:/Users/damianblanc/.m2/repository/org/hamcrest/hamcrest/2.2/hamcrest-2.2.jar:/Users/damianblanc/.m2/repository/org/junit/jupiter/junit-jupiter/5.9.3/junit-jupiter-5.9.3.jar:/Users/damianblanc/.m2/repository/org/junit/jupiter/junit-jupiter-api/5.9.3/junit-jupiter-api-5.9.3.jar:/Users/damianblanc/.m2/repository/org/junit/jupiter/junit-jupiter-params/5.9.3/junit-jupiter-params-5.9.3.jar:/Users/damianblanc/.m2/repository/org/junit/jupiter/junit-jupiter-engine/5.9.3/junit-jupiter-engine-5.9.3.jar:/Users/damianblanc/.m2/repository/org/mockito/mockito-core/5.3.1/mockito-core-5.3.1.jar:/Users/damianblanc/.m2/repository/net/bytebuddy/byte-buddy-agent/1.14.9/byte-buddy-agent-1.14.9.jar:/Users/damianblanc/.m2/repository/org/objenesis/objenesis/3.3/objenesis-3.3.jar:/Users/damianblanc/.m2/repository/org/mockito/mockito-junit-jupiter/5.3.1/mockito-junit-jupiter-5.3.1.jar:/Users/damianblanc/.m2/repository/org/skyscreamer/jsonassert/1.5.1/jsonassert-1.5.1.jar:/Users/damianblanc/.m2/repository/com/vaadin/external/google/android-json/0.0.20131108.vaadin1/android-json-0.0.20131108.vaadin1.jar:/Users/damianblanc/.m2/repository/org/springframework/spring-core/6.0.13/spring-core-6.0.13.jar:/Users/damianblanc/.m2/repository/org/springframework/spring-jcl/6.0.13/spring-jcl-6.0.13.jar:/Users/damianblanc/.m2/repository/org/springframework/spring-test/6.0.13/spring-test-6.0.13.jar:/Users/damianblanc/.m2/repository/org/xmlunit/xmlunit-core/2.9.1/xmlunit-core-2.9.1.jar:/Users/damianblanc/.m2/repository/org/junit/vintage/junit-vintage-engine/5.10.0/junit-vintage-engine-5.10.0.jar:/Users/damianblanc/.m2/repository/org/junit/platform/junit-platform-engine/1.9.3/junit-platform-engine-1.9.3.jar:/Users/damianblanc/.m2/repository/org/opentest4j/opentest4j/1.2.0/opentest4j-1.2.0.jar:/Users/damianblanc/.m2/repository/org/junit/platform/junit-platform-commons/1.9.3/junit-platform-commons-1.9.3.jar:/Users/damianblanc/.m2/repository/org/apiguardian/apiguardian-api/1.1.2/apiguardian-api-1.1.2.jar:/Users/damianblanc/.m2/repository/junit/junit/4.13.2/junit-4.13.2.jar:/Users/damianblanc/.m2/repository/org/hamcrest/hamcrest-core/2.2/hamcrest-core-2.2.jar:/Users/damianblanc/.m2/repository/com/diffplug/guava/guava-core/19.0.0/guava-core-19.0.0.jar:/Users/damianblanc/.m2/repository/org/codehaus/mojo/animal-sniffer-annotations/1.14/animal-sniffer-annotations-1.14.jar:/Users/damianblanc/.m2/repository/com/google/j2objc/j2objc-annotations/0.1/j2objc-annotations-0.1.jar:/Users/damianblanc/.m2/repository/com/diffplug/guava/guava-collect/19.0.0/guava-collect-19.0.0.jar:/Users/damianblanc/.m2/repository/com/squareup/retrofit2/retrofit/2.7.2/retrofit-2.7.2.jar:/Users/damianblanc/.m2/repository/com/squareup/okhttp3/okhttp/4.10.0/okhttp-4.10.0.jar:/Users/damianblanc/.m2/repository/com/squareup/okio/okio-jvm/3.0.0/okio-jvm-3.0.0.jar:/Users/damianblanc/.m2/repository/org/jetbrains/kotlin/kotlin-stdlib-jdk8/1.8.22/kotlin-stdlib-jdk8-1.8.22.jar:/Users/damianblanc/.m2/repository/org/jetbrains/kotlin/kotlin-stdlib-jdk7/1.8.22/kotlin-stdlib-jdk7-1.8.22.jar:/Users/damianblanc/.m2/repository/org/jetbrains/kotlin/kotlin-stdlib-common/1.8.22/kotlin-stdlib-common-1.8.22.jar:/Users/damianblanc/.m2/repository/org/jetbrains/kotlin/kotlin-stdlib/1.8.22/kotlin-stdlib-1.8.22.jar:/Users/damianblanc/.m2/repository/org/jetbrains/annotations/13.0/annotations-13.0.jar:/Users/damianblanc/.m2/repository/com/squareup/retrofit2/converter-gson/2.7.2/converter-gson-2.7.2.jar:/Users/damianblanc/.m2/repository/com/google/code/gson/gson/2.10.1/gson-2.10.1.jar:/Users/damianblanc/.m2/repository/org/springdoc/springdoc-openapi-starter-webmvc-ui/2.1.0/springdoc-openapi-starter-webmvc-ui-2.1.0.jar:/Users/damianblanc/.m2/repository/org/springdoc/springdoc-openapi-starter-webmvc-api/2.1.0/springdoc-openapi-starter-webmvc-api-2.1.0.jar:/Users/damianblanc/.m2/repository/org/springdoc/springdoc-openapi-starter-common/2.1.0/springdoc-openapi-starter-common-2.1.0.jar:/Users/damianblanc/.m2/repository/io/swagger/core/v3/swagger-core-jakarta/2.2.9/swagger-core-jakarta-2.2.9.jar:/Users/damianblanc/.m2/repository/org/apache/commons/commons-lang3/3.12.0/commons-lang3-3.12.0.jar:/Users/damianblanc/.m2/repository/io/swagger/core/v3/swagger-annotations-jakarta/2.2.9/swagger-annotations-jakarta-2.2.9.jar:/Users/damianblanc/.m2/repository/io/swagger/core/v3/swagger-models-jakarta/2.2.9/swagger-models-jakarta-2.2.9.jar:/Users/damianblanc/.m2/repository/jakarta/validation/jakarta.validation-api/3.0.2/jakarta.validation-api-3.0.2.jar:/Users/damianblanc/.m2/repository/com/fasterxml/jackson/dataformat/jackson-dataformat-yaml/2.15.3/jackson-dataformat-yaml-2.15.3.jar:/Users/damianblanc/.m2/repository/org/webjars/swagger-ui/4.18.2/swagger-ui-4.18.2.jar:/Users/damianblanc/.m2/repository/com/mysql/mysql-connector-j/8.0.33/mysql-connector-j-8.0.33.jar:/Users/damianblanc/.m2/repository/org/springframework/boot/spring-boot-starter-actuator/3.1.5/spring-boot-starter-actuator-3.1.5.jar:/Users/damianblanc/.m2/repository/org/springframework/boot/spring-boot-actuator-autoconfigure/3.1.5/spring-boot-actuator-autoconfigure-3.1.5.jar:/Users/damianblanc/.m2/repository/org/springframework/boot/spring-boot-actuator/3.1.5/spring-boot-actuator-3.1.5.jar:/Users/damianblanc/.m2/repository/io/micrometer/micrometer-observation/1.11.5/micrometer-observation-1.11.5.jar:/Users/damianblanc/.m2/repository/io/micrometer/micrometer-commons/1.11.5/micrometer-commons-1.11.5.jar:/Users/damianblanc/.m2/repository/io/micrometer/micrometer-core/1.11.5/micrometer-core-1.11.5.jar:/Users/damianblanc/.m2/repository/org/hdrhistogram/HdrHistogram/2.1.12/HdrHistogram-2.1.12.jar:/Users/damianblanc/.m2/repository/org/latencyutils/LatencyUtils/2.0.3/LatencyUtils-2.0.3.jar:/Users/damianblanc/.m2/repository/org/springframework/cloud/spring-cloud-starter/4.0.4/spring-cloud-starter-4.0.4.jar:/Users/damianblanc/.m2/repository/org/springframework/cloud/spring-cloud-context/4.0.4/spring-cloud-context-4.0.4.jar:/Users/damianblanc/.m2/repository/org/springframework/security/spring-security-crypto/6.1.5/spring-security-crypto-6.1.5.jar:/Users/damianblanc/.m2/repository/org/springframework/cloud/spring-cloud-commons/4.0.4/spring-cloud-commons-4.0.4.jar:/Users/damianblanc/.m2/repository/org/springframework/security/spring-security-rsa/1.0.12.RELEASE/spring-security-rsa-1.0.12.RELEASE.jar:/Users/damianblanc/.m2/repository/org/bouncycastle/bcpkix-jdk18on/1.73/bcpkix-jdk18on-1.73.jar:/Users/damianblanc/.m2/repository/org/bouncycastle/bcprov-jdk18on/1.73/bcprov-jdk18on-1.73.jar:/Users/damianblanc/.m2/repository/org/bouncycastle/bcutil-jdk18on/1.73/bcutil-jdk18on-1.73.jar:/Users/damianblanc/.m2/repository/org/springframework/cloud/spring-cloud-starter-bootstrap/4.0.2/spring-cloud-starter-bootstrap-4.0.2.jar:/Users/damianblanc/.m2/repository/org/springframework/cloud/spring-cloud-starter-config/4.0.2/spring-cloud-starter-config-4.0.2.jar:/Users/damianblanc/.m2/repository/org/springframework/cloud/spring-cloud-config-client/4.0.4/spring-cloud-config-client-4.0.4.jar:/Users/damianblanc/.m2/repository/com/fasterxml/jackson/core/jackson-annotations/2.15.3/jackson-annotations-2.15.3.jar:/Users/damianblanc/.m2/repository/org/apache/httpcomponents/client5/httpclient5/5.2.1/httpclient5-5.2.1.jar:/Users/damianblanc/.m2/repository/org/apache/httpcomponents/core5/httpcore5/5.2.3/httpcore5-5.2.3.jar:/Users/damianblanc/.m2/repository/org/apache/httpcomponents/core5/httpcore5-h2/5.2.3/httpcore5-h2-5.2.3.jar:/Users/damianblanc/.m2/repository/com/fasterxml/jackson/core/jackson-databind/2.15.3/jackson-databind-2.15.3.jar:/Users/damianblanc/.m2/repository/com/fasterxml/jackson/core/jackson-core/2.15.3/jackson-core-2.15.3.jar:/Users/damianblanc/.m2/repository/org/apache/tomcat/servlet-api/6.0.51/servlet-api-6.0.51.jar:/Users/damianblanc/.m2/repository/io/jsonwebtoken/jjwt/0.12.5/jjwt-0.12.5.jar:/Users/damianblanc/.m2/repository/io/jsonwebtoken/jjwt-api/0.12.5/jjwt-api-0.12.5.jar:/Users/damianblanc/.m2/repository/io/jsonwebtoken/jjwt-impl/0.12.5/jjwt-impl-0.12.5.jar:/Users/damianblanc/.m2/repository/io/jsonwebtoken/jjwt-jackson/0.12.5/jjwt-jackson-0.12.5.jar:"/>
    <property name="sun.cpu.endian" value="little"/>
    <property name="user.home" value="/Users/damianblanc"/>
    <property name="user.language" value="en"/>
    <property name="java.specification.vendor" value="Oracle Corporation"/>
    <property name="java.version.date" value="2024-04-16"/>
    <property name="java.home" value="/opt/homebrew/Cellar/openjdk/21.0.3/libexec/openjdk.jdk/Contents/Home"/>
    <property name="file.separator" value="/"/>
    <property name="basedir" value="/Users/damianblanc/workspace/byma/calculate-regulation-disarrangement"/>
    <property name="java.vm.compressedOopsMode" value="Zero based"/>
    <property name="line.separator" value="&#10;"/>
    <property name="java.vm.specification.vendor" value="Oracle Corporation"/>
    <property name="java.specification.name" value="Java Platform API Specification"/>
    <property name="FILE_LOG_CHARSET" value="UTF-8"/>
    <property name="java.awt.headless" value="true"/>
    <property name="apple.awt.application.name" value="ForkedBooter"/>
    <property name="surefire.real.class.path" value="/Users/damianblanc/workspace/byma/calculate-regulation-disarrangement/target/surefire/surefirebooter-20240613095441849_3.jar"/>
    <property name="sun.management.compiler" value="HotSpot 64-Bit Tiered Compilers"/>
    <property name="ftp.nonProxyHosts" value="local|*.local|169.254/16|*.169.254/16"/>
    <property name="java.runtime.version" value="21.0.3"/>
    <property name="user.name" value="damianblanc"/>
    <property name="stdout.encoding" value="ISO8859-1"/>
    <property name="path.separator" value=":"/>
    <property name="os.version" value="14.4.1"/>
    <property name="java.runtime.name" value="OpenJDK Runtime Environment"/>
    <property name="file.encoding" value="UTF-8"/>
    <property name="java.vm.name" value="OpenJDK 64-Bit Server VM"/>
    <property name="java.vendor.version" value="Homebrew"/>
    <property name="localRepository" value="/Users/damianblanc/.m2/repository"/>
    <property name="java.vendor.url.bug" value="https://github.com/Homebrew/homebrew-core/issues"/>
    <property name="java.io.tmpdir" value="/var/folders/zr/c544v0b93v52x59v31q9181h0000gn/T/"/>
    <property name="com.zaxxer.hikari.pool_number" value="1"/>
    <property name="java.version" value="21.0.3"/>
    <property name="user.dir" value="/Users/damianblanc/workspace/byma/calculate-regulation-disarrangement"/>
    <property name="os.arch" value="aarch64"/>
    <property name="java.vm.specification.name" value="Java Virtual Machine Specification"/>
    <property name="PID" value="1397"/>
    <property name="CONSOLE_LOG_CHARSET" value="UTF-8"/>
    <property name="native.encoding" value="ISO8859-1"/>
    <property name="java.library.path" value="/Users/damianblanc/Library/Java/Extensions:/Library/Java/Extensions:/Network/Library/Java/Extensions:/System/Library/Java/Extensions:/usr/lib/java:."/>
    <property name="java.vm.info" value="mixed mode, sharing"/>
    <property name="stderr.encoding" value="ISO8859-1"/>
    <property name="java.vendor" value="Homebrew"/>
    <property name="java.vm.version" value="21.0.3"/>
    <property name="sun.io.unicode.encoding" value="UnicodeBig"/>
    <property name="socksNonProxyHosts" value="local|*.local|169.254/16|*.169.254/16"/>
    <property name="java.class.version" value="65.0"/>
  </properties>
  <testcase name="contextLoads" classname="com.bymatech.calculateregulationdisarrangement.CalculateFCIRegulationBiasApplicationTests" time="0.339">
    <system-out><![CDATA[09:54:42.260 [main] INFO org.springframework.test.context.support.AnnotationConfigContextLoaderUtils -- Could not detect default configuration classes for test class [com.bymatech.calculateregulationdisarrangement.CalculateFCIRegulationBiasApplicationTests]: CalculateFCIRegulationBiasApplicationTests does not declare any static, non-private, non-final, nested classes annotated with @Configuration.
09:54:42.323 [main] INFO org.springframework.boot.test.context.SpringBootTestContextBootstrapper -- Found @SpringBootConfiguration com.bymatech.calculateregulationdisarrangement.CalculateRegulationDisarrangementApplication for test class com.bymatech.calculateregulationdisarrangement.CalculateFCIRegulationBiasApplicationTests
09:54:42.396 [main] INFO org.springframework.boot.devtools.restart.RestartApplicationListener -- Restart disabled due to context in which it is running
2024-06-13T09:54:42.853-03:00  INFO 1397 --- [           main] c.c.c.ConfigServicePropertySourceLocator : Fetching config from server at : http://localhost:8888
2024-06-13T09:54:42.917-03:00  INFO 1397 --- [           main] c.c.c.ConfigServicePropertySourceLocator : Exception on Url - http://localhost:8888:org.springframework.web.client.ResourceAccessException: I/O error on GET request for "http://localhost:8888/application/default": Connection refused. Will be trying the next url if available
2024-06-13T09:54:42.917-03:00  WARN 1397 --- [           main] c.c.c.ConfigServicePropertySourceLocator : Could not locate PropertySource: I/O error on GET request for "http://localhost:8888/application/default": Connection refused
2024-06-13T09:54:42.923-03:00  INFO 1397 --- [           main] lculateFCIRegulationBiasApplicationTests : No active profile set, falling back to 1 default profile: "default"
2024-06-13T09:54:43.424-03:00  INFO 1397 --- [           main] .s.d.r.c.RepositoryConfigurationDelegate : Bootstrapping Spring Data JPA repositories in DEFAULT mode.
2024-06-13T09:54:43.474-03:00  INFO 1397 --- [           main] .s.d.r.c.RepositoryConfigurationDelegate : Finished Spring Data repository scanning in 45 ms. Found 12 JPA repository interfaces.
2024-06-13T09:54:43.600-03:00  INFO 1397 --- [           main] o.s.cloud.context.scope.GenericScope     : BeanFactory id=e4017e97-b201-383c-8bf9-958df43ce8e4
2024-06-13T09:54:43.730-03:00  INFO 1397 --- [           main] com.zaxxer.hikari.HikariDataSource       : HikariPool-1 - Starting...
2024-06-13T09:54:43.847-03:00  INFO 1397 --- [           main] com.zaxxer.hikari.pool.HikariPool        : HikariPool-1 - Added connection com.mysql.cj.jdbc.ConnectionImpl@48632f69
2024-06-13T09:54:43.848-03:00  INFO 1397 --- [           main] com.zaxxer.hikari.HikariDataSource       : HikariPool-1 - Start completed.
2024-06-13T09:54:43.897-03:00  INFO 1397 --- [           main] o.hibernate.jpa.internal.util.LogHelper  : HHH000204: Processing PersistenceUnitInfo [name: default]
2024-06-13T09:54:43.926-03:00  INFO 1397 --- [           main] org.hibernate.Version                    : HHH000412: Hibernate ORM core version 6.2.13.Final
2024-06-13T09:54:43.928-03:00  INFO 1397 --- [           main] org.hibernate.cfg.Environment            : HHH000406: Using bytecode reflection optimizer
2024-06-13T09:54:44.060-03:00  INFO 1397 --- [           main] o.s.o.j.p.SpringPersistenceUnitInfo      : No LoadTimeWeaver setup: ignoring JPA class transformer
2024-06-13T09:54:44.097-03:00  WARN 1397 --- [           main] org.hibernate.orm.deprecation            : HHH90000025: MySQLDialect does not need to be specified explicitly using 'hibernate.dialect' (remove the property setting and it will be selected by default)
2024-06-13T09:54:44.611-03:00  INFO 1397 --- [           main] o.h.e.t.j.p.i.JtaPlatformInitiator       : HHH000489: No JTA platform available (set 'hibernate.transaction.jta.platform' to enable JTA platform integration)
Hibernate: alter table biases drop foreign key FKamje4ayr9svmw0r8qs6xrt7iy
Hibernate: alter table fci_specie_type_by_group drop foreign key FKkxk4m9y9waj6nl9mr616idgtw
Hibernate: alter table fci_specie_type_by_group drop foreign key FKaucp289iih7l6q3ygbymnrxvw
Hibernate: alter table fcicomposition drop foreign key FKgalklxhyovwtxcej9gy6g761v
Hibernate: alter table fciposition drop foreign key FKoikd0mgn0s2yuhe0xoi9ssic1
Hibernate: alter table fcispecie_to_specie_type drop foreign key FKsusymrv0k4ouf93xueq0sikyy
Hibernate: alter table fcispecie_to_specie_type_position drop foreign key FK5nsvl5rwh82xtescytchns8mm
Hibernate: drop table if exists advices
Hibernate: drop table if exists advices_seq
Hibernate: drop table if exists advisor_criteria_parameter
Hibernate: drop table if exists advisor_criteria_parameter_seq
Hibernate: drop table if exists biases
Hibernate: drop table if exists biases_seq
Hibernate: drop table if exists fci_specie_type_by_group
Hibernate: drop table if exists fcicomposition
Hibernate: drop table if exists fcicomposition_seq
Hibernate: drop table if exists fciconfiguration
Hibernate: drop table if exists fciconfiguration_seq
Hibernate: drop table if exists fciposition
Hibernate: drop table if exists fciposition_seq
Hibernate: drop table if exists fciregulation
Hibernate: drop table if exists fciregulation_seq
Hibernate: drop table if exists fcispecie_to_specie_type_position_seq
Hibernate: drop table if exists fcispecie_to_specie_type_seq
Hibernate: drop table if exists fcispecie_type_group_seq
Hibernate: drop table if exists fcispecie_type_seq
Hibernate: drop table if exists fcispecie_to_specie_type
Hibernate: drop table if exists fcispecie_to_specie_type_position
Hibernate: drop table if exists fcispecie_type
Hibernate: drop table if exists fcispecie_type_group
Hibernate: drop table if exists report_types_seq
Hibernate: drop table if exists reports
Hibernate: drop table if exists reports_seq
Hibernate: drop table if exists report_types
Hibernate: drop table if exists retrievals
Hibernate: drop table if exists retrievals_seq
Hibernate: drop table if exists statistic
Hibernate: drop table if exists statistic_seq
Hibernate: drop table if exists user
Hibernate: drop table if exists user_seq
Hibernate: create table advices (id integer not null, created_on datetime(6), registration_time datetime(6), advice TEXT, owner varchar(255), primary key (id)) engine=InnoDB
Hibernate: create table advices_seq (next_val bigint) engine=InnoDB
Hibernate: insert into advices_seq values ( 1 )
Hibernate: create table advisor_criteria_parameter (id integer not null, description varchar(255), name varchar(255), parameter_definition varchar(255), primary key (id)) engine=InnoDB
Hibernate: create table advisor_criteria_parameter_seq (next_val bigint) engine=InnoDB
Hibernate: insert into advisor_criteria_parameter_seq values ( 1 )
Hibernate: create table biases (bias_percentage float(53), id integer not null, retrieval_id integer, primary key (id)) engine=InnoDB
Hibernate: create table biases_seq (next_val bigint) engine=InnoDB
Hibernate: insert into biases_seq values ( 1 )
Hibernate: create table fci_specie_type_by_group (fci_specie_type_group_id integer not null, fci_specie_type_id integer not null) engine=InnoDB
Hibernate: create table fcicomposition (fci_composition_id integer not null, fci_specie_type_id integer, percentage float(53), regulation_id integer, primary key (fci_composition_id)) engine=InnoDB
Hibernate: create table fcicomposition_seq (next_val bigint) engine=InnoDB
Hibernate: insert into fcicomposition_seq values ( 1 )
Hibernate: create table fciconfiguration (id integer not null, fci_key varchar(255), value varchar(255), primary key (id)) engine=InnoDB
Hibernate: create table fciconfiguration_seq (next_val bigint) engine=InnoDB
Hibernate: insert into fciconfiguration_seq values ( 1 )
Hibernate: create table fciposition (id integer not null, regulation_id integer, created_on datetime(6), overview varchar(8192), market_position text, original_position text, primary key (id)) engine=InnoDB
Hibernate: create table fciposition_seq (next_val bigint) engine=InnoDB
Hibernate: insert into fciposition_seq values ( 1 )
Hibernate: create table fciregulation (fci_regulation_id integer not null, created_on datetime(6), description varchar(255), name varchar(255), symbol varchar(255), primary key (fci_regulation_id)) engine=InnoDB
Hibernate: create table fciregulation_seq (next_val bigint) engine=InnoDB
Hibernate: insert into fciregulation_seq values ( 1 )
Hibernate: create table fcispecie_to_specie_type_position_seq (next_val bigint) engine=InnoDB
Hibernate: insert into fcispecie_to_specie_type_position_seq values ( 1 )
Hibernate: create table fcispecie_to_specie_type_seq (next_val bigint) engine=InnoDB
Hibernate: insert into fcispecie_to_specie_type_seq values ( 1 )
Hibernate: create table fcispecie_type_group_seq (next_val bigint) engine=InnoDB
Hibernate: insert into fcispecie_type_group_seq values ( 1 )
Hibernate: create table fcispecie_type_seq (next_val bigint) engine=InnoDB
Hibernate: insert into fcispecie_type_seq values ( 1 )
Hibernate: create table fcispecie_to_specie_type (fci_specie_type_id integer, id integer not null, specie_symbol varchar(255), primary key (id)) engine=InnoDB
Hibernate: create table fcispecie_to_specie_type_position (fci_position_id integer, id integer not null, specie_to_specie_type_position_id integer, position_created_on datetime(6), primary key (id)) engine=InnoDB
Hibernate: create table fcispecie_type (fci_specie_type_id integer not null, specie_quantity integer, updatable bit, description varchar(255), name varchar(255), primary key (fci_specie_type_id)) engine=InnoDB
Hibernate: create table fcispecie_type_group (fci_specie_type_group_id integer not null, lot integer, updatable bit, description varchar(255), name varchar(255), primary key (fci_specie_type_group_id)) engine=InnoDB
Hibernate: create table report_types_seq (next_val bigint) engine=InnoDB
Hibernate: insert into report_types_seq values ( 1 )
Hibernate: create table reports (id integer not null, created_on datetime(6), primary key (id)) engine=InnoDB
Hibernate: create table reports_seq (next_val bigint) engine=InnoDB
Hibernate: insert into reports_seq values ( 1 )
Hibernate: create table report_types (id integer not null, description varchar(255), link varchar(255), name varchar(255), primary key (id)) engine=InnoDB
Hibernate: create table retrievals (id integer not null, timestamp datetime(6), primary key (id)) engine=InnoDB
Hibernate: create table retrievals_seq (next_val bigint) engine=InnoDB
Hibernate: insert into retrievals_seq values ( 1 )
Hibernate: create table statistic (advice_quantity integer, id integer not null, report_quantity integer, primary key (id)) engine=InnoDB
Hibernate: create table statistic_seq (next_val bigint) engine=InnoDB
Hibernate: insert into statistic_seq values ( 1 )
Hibernate: create table user (enable bit not null, id integer not null, about varchar(500), email varchar(255), password varchar(255), role varchar(255), username varchar(255), primary key (id)) engine=InnoDB
Hibernate: create table user_seq (next_val bigint) engine=InnoDB
Hibernate: insert into user_seq values ( 1 )
Hibernate: alter table fci_specie_type_by_group add constraint UK_2yvduh4u3yc8kdrtfukahhjyj unique (fci_specie_type_id)
Hibernate: alter table user add constraint UK_ob8kqyqqgmefl0aco34akdtpe unique (email)
Hibernate: alter table biases add constraint FKamje4ayr9svmw0r8qs6xrt7iy foreign key (retrieval_id) references retrievals (id)
Hibernate: alter table fci_specie_type_by_group add constraint FKkxk4m9y9waj6nl9mr616idgtw foreign key (fci_specie_type_id) references fcispecie_type (fci_specie_type_id)
Hibernate: alter table fci_specie_type_by_group add constraint FKaucp289iih7l6q3ygbymnrxvw foreign key (fci_specie_type_group_id) references fcispecie_type_group (fci_specie_type_group_id)
Hibernate: alter table fcicomposition add constraint FKgalklxhyovwtxcej9gy6g761v foreign key (regulation_id) references fciregulation (fci_regulation_id)
Hibernate: alter table fciposition add constraint FKoikd0mgn0s2yuhe0xoi9ssic1 foreign key (regulation_id) references fciregulation (fci_regulation_id)
Hibernate: alter table fcispecie_to_specie_type add constraint FKsusymrv0k4ouf93xueq0sikyy foreign key (fci_specie_type_id) references fcispecie_type (fci_specie_type_id)
Hibernate: alter table fcispecie_to_specie_type_position add constraint FK5nsvl5rwh82xtescytchns8mm foreign key (specie_to_specie_type_position_id) references fcispecie_to_specie_type (id)
2024-06-13T09:54:45.016-03:00  INFO 1397 --- [           main] j.LocalContainerEntityManagerFactoryBean : Initialized JPA EntityManagerFactory for persistence unit 'default'
2024-06-13T09:54:45.219-03:00  INFO 1397 --- [           main] o.s.d.j.r.query.QueryEnhancerFactory     : Hibernate is in classpath; If applicable, HQL parser will be used.
2024-06-13T09:54:45.726-03:00  WARN 1397 --- [           main] JpaBaseConfiguration$JpaWebConfiguration : spring.jpa.open-in-view is enabled by default. Therefore, database queries may be performed during view rendering. Explicitly configure spring.jpa.open-in-view to disable this warning
2024-06-13T09:54:46.066-03:00  INFO 1397 --- [           main] o.s.b.a.e.web.EndpointLinksResolver      : Exposing 8 endpoint(s) beneath base path '/actuator'
2024-06-13T09:54:46.110-03:00  INFO 1397 --- [           main] lculateFCIRegulationBiasApplicationTests : Started CalculateFCIRegulationBiasApplicationTests in 3.721 seconds (process running for 4.213)
]]></system-out>
    <system-err><![CDATA[WARNING: A Java agent has been loaded dynamically (/Users/damianblanc/.m2/repository/net/bytebuddy/byte-buddy-agent/1.14.9/byte-buddy-agent-1.14.9.jar)
WARNING: If a serviceability tool is in use, please run with -XX:+EnableDynamicAgentLoading to hide this warning
WARNING: If a serviceability tool is not in use, please run with -Djdk.instrument.traceUsage for more information
WARNING: Dynamic loading of agents will be disallowed by default in a future release
]]></system-err>
  </testcase>
</testsuite>